[0225/150601.258:ERROR:process_memory_win.cc(73)] ReadMemory at 0x1999a557ee0 of 72 bytes failed: Only part of a ReadProcessMemory or WriteProcessMemory request was completed. (0x12B)
[0225/150602.982:WARNING:pe_image_annotations_reader.cc(134)] could not read annotations list object in C:\Program Files (x86)\Google\Chrome\Application\80.0.3987.122\chrome_elf.dll
[0225/150602.982:ERROR:process_memory_win.cc(73)] ReadMemory at 0x7fff72dd0000 of 64 bytes failed: Only part of a ReadProcessMemory or WriteProcessMemory request was completed. (0x12B)
[0225/150602.982:WARNING:pe_image_reader.cc(340)] could not read dos header from C:\WINDOWS\SYSTEM32\VERSION.dll
[0225/150602.982:ERROR:process_memory_win.cc(73)] ReadMemory at 0x7fff77820000 of 64 bytes failed: Only part of a ReadProcessMemory or WriteProcessMemory request was completed. (0x12B)
[0225/150602.984:WARNING:pe_image_reader.cc(340)] could not read dos header from C:\WINDOWS\System32\msvcrt.dll
[0225/150602.984:ERROR:process_memory_win.cc(73)] ReadMemory at 0x7fff76660000 of 64 bytes failed: Only part of a ReadProcessMemory or WriteProcessMemory request was completed. (0x12B)
[0225/150602.985:WARNING:pe_image_reader.cc(340)] could not read dos header from C:\WINDOWS\System32\bcryptPrimitives.dll
[0225/150602.985:ERROR:process_memory_win.cc(73)] ReadMemory at 0x7fff778c0000 of 64 bytes failed: Only part of a ReadProcessMemory or WriteProcessMemory request was completed. (0x12B)
[0225/150602.985:WARNING:pe_image_reader.cc(340)] could not read dos header from C:\WINDOWS\System32\ADVAPI32.dll
[0225/150602.985:ERROR:process_memory_win.cc(73)] ReadMemory at 0x7fff77780000 of 64 bytes failed: Only part of a ReadProcessMemory or WriteProcessMemory request was completed. (0x12B)
[0225/150602.985:WARNING:pe_image_reader.cc(340)] could not read dos header from C:\WINDOWS\System32\sechost.dll
[0225/150602.985:ERROR:process_memory_win.cc(73)] ReadMemory at 0x7fff781f0000 of 64 bytes failed: Only part of a ReadProcessMemory or WriteProcessMemory request was completed. (0x12B)
[0225/150602.985:WARNING:pe_image_reader.cc(340)] could not read dos header from C:\WINDOWS\System32\RPCRT4.dll
[0225/150602.985:ERROR:process_memory_win.cc(73)] ReadMemory at 0x7fff787a0000 of 64 bytes failed: Only part of a ReadProcessMemory or WriteProcessMemory request was completed. (0x12B)
[0225/150602.985:WARNING:pe_image_reader.cc(340)] could not read dos header from C:\WINDOWS\System32\user32.dll
[0225/150602.985:ERROR:process_memory_win.cc(73)] ReadMemory at 0x7fff76fd0000 of 64 bytes failed: Only part of a ReadProcessMemory or WriteProcessMemory request was completed. (0x12B)
[0225/150602.985:WARNING:pe_image_reader.cc(340)] could not read dos header from C:\WINDOWS\System32\win32u.dll
[0225/150602.985:ERROR:process_memory_win.cc(73)] ReadMemory at 0x7fff781c0000 of 64 bytes failed: Only part of a ReadProcessMemory or WriteProcessMemory request was completed. (0x12B)
[0225/150602.985:WARNING:pe_image_reader.cc(340)] could not read dos header from C:\WINDOWS\System32\GDI32.dll
[0225/150602.985:ERROR:process_memory_win.cc(73)] ReadMemory at 0x7fff76b80000 of 64 bytes failed: Only part of a ReadProcessMemory or WriteProcessMemory request was completed. (0x12B)
[0225/150602.985:WARNING:pe_image_reader.cc(340)] could not read dos header from C:\WINDOWS\System32\gdi32full.dll
[0225/150602.986:ERROR:process_memory_win.cc(73)] ReadMemory at 0x7fff76990000 of 64 bytes failed: Only part of a ReadProcessMemory or WriteProcessMemory request was completed. (0x12B)
[0225/150602.986:WARNING:pe_image_reader.cc(340)] could not read dos header from C:\WINDOWS\System32\msvcp_win.dll
[0225/150602.986:ERROR:process_memory_win.cc(73)] ReadMemory at 0x7fff76a80000 of 64 bytes failed: Only part of a ReadProcessMemory or WriteProcessMemory request was completed. (0x12B)
[0225/150602.986:WARNING:pe_image_reader.cc(340)] could not read dos header from C:\WINDOWS\System32\ucrtbase.dll
[0225/150602.986:ERROR:process_memory_win.cc(73)] ReadMemory at 0x7fff78770000 of 64 bytes failed: Only part of a ReadProcessMemory or WriteProcessMemory request was completed. (0x12B)
[0225/150602.986:WARNING:pe_image_reader.cc(340)] could not read dos header from C:\WINDOWS\System32\IMM32.DLL
[0225/150602.986:ERROR:process_memory_win.cc(73)] ReadMemory at 0x7fff275a0000 of 64 bytes failed: Only part of a ReadProcessMemory or WriteProcessMemory request was completed. (0x12B)
[0225/150602.986:WARNING:pe_image_reader.cc(340)] could not read dos header from C:\Program Files (x86)\Google\Chrome\Application\80.0.3987.122\chrome.dll
[0225/150602.986:ERROR:process_memory_win.cc(73)] ReadMemory at 0x7fff78400000 of 64 bytes failed: Only part of a ReadProcessMemory or WriteProcessMemory request was completed. (0x12B)
[0225/150602.986:WARNING:pe_image_reader.cc(340)] could not read dos header from C:\WINDOWS\System32\WS2_32.dll
[0225/150602.986:ERROR:process_memory_win.cc(73)] ReadMemory at 0x7fff77bd0000 of 64 bytes failed: Only part of a ReadProcessMemory or WriteProcessMemory request was completed. (0x12B)
[0225/150602.986:WARNING:pe_image_reader.cc(340)] could not read dos header from C:\WINDOWS\System32\OLEAUT32.dll
[0225/150602.986:ERROR:process_memory_win.cc(73)] ReadMemory at 0x7fff78940000 of 64 bytes failed: Only part of a ReadProcessMemory or WriteProcessMemory request was completed. (0x12B)
[0225/150602.986:WARNING:pe_image_reader.cc(340)] could not read dos header from C:\WINDOWS\System32\combase.dll
[0225/150602.986:ERROR:process_memory_win.cc(73)] ReadMemory at 0x7fff76850000 of 64 bytes failed: Only part of a ReadProcessMemory or WriteProcessMemory request was completed. (0x12B)
[0225/150602.986:WARNING:pe_image_reader.cc(340)] could not read dos header from C:\WINDOWS\System32\WINTRUST.dll
[0225/150602.987:ERROR:process_memory_win.cc(73)] ReadMemory at 0x7fff76600000 of 64 bytes failed: Only part of a ReadProcessMemory or WriteProcessMemory request was completed. (0x12B)
[0225/150602.987:WARNING:pe_image_reader.cc(340)] could not read dos header from C:\WINDOWS\System32\MSASN1.dll
[0225/150602.987:ERROR:process_memory_win.cc(73)] ReadMemory at 0x7fff76700000 of 64 bytes failed: Only part of a ReadProcessMemory or WriteProcessMemory request was completed. (0x12B)
[0225/150602.987:WARNING:pe_image_reader.cc(340)] could not read dos header from C:\WINDOWS\System32\CRYPT32.dll
[0225/150602.987:ERROR:process_memory_win.cc(73)] ReadMemory at 0x7fff75ac0000 of 64 bytes failed: Only part of a ReadProcessMemory or WriteProcessMemory request was completed. (0x12B)
[0225/150602.987:WARNING:pe_image_reader.cc(340)] could not read dos header from C:\WINDOWS\SYSTEM32\IPHLPAPI.DLL
[0225/150602.987:ERROR:process_memory_win.cc(73)] ReadMemory at 0x7fff747f0000 of 64 bytes failed: Only part of a ReadProcessMemory or WriteProcessMemory request was completed. (0x12B)
[0225/150602.987:WARNING:pe_image_reader.cc(340)] could not read dos header from C:\WINDOWS\SYSTEM32\WINMM.dll
[0225/150602.987:ERROR:process_memory_win.cc(73)] ReadMemory at 0x7fff65fb0000 of 64 bytes failed: Only part of a ReadProcessMemory or WriteProcessMemory request was completed. (0x12B)
[0225/150602.987:WARNING:pe_image_reader.cc(340)] could not read dos header from C:\WINDOWS\SYSTEM32\Secur32.dll
[0225/150602.987:ERROR:process_memory_win.cc(73)] ReadMemory at 0x7fff76490000 of 64 bytes failed: Only part of a ReadProcessMemory or WriteProcessMemory request was completed. (0x12B)
[0225/150602.987:WARNING:pe_image_reader.cc(340)] could not read dos header from C:\WINDOWS\SYSTEM32\USERENV.dll
[0225/150602.987:ERROR:process_memory_win.cc(73)] ReadMemory at 0x7fff76620000 of 64 bytes failed: Only part of a ReadProcessMemory or WriteProcessMemory request was completed. (0x12B)
[0225/150602.987:WARNING:pe_image_reader.cc(340)] could not read dos header from C:\WINDOWS\System32\profapi.dll
[0225/150602.987:ERROR:process_memory_win.cc(73)] ReadMemory at 0x7fff478f0000 of 64 bytes failed: Only part of a ReadProcessMemory or WriteProcessMemory request was completed. (0x12B)
[0225/150602.987:WARNING:pe_image_reader.cc(340)] could not read dos header from C:\WINDOWS\SYSTEM32\UIAutomationCore.DLL
[0225/150602.987:ERROR:process_memory_win.cc(73)] ReadMemory at 0x7fff6d190000 of 64 bytes failed: Only part of a ReadProcessMemory or WriteProcessMemory request was completed. (0x12B)
[0225/150602.988:WARNING:pe_image_reader.cc(340)] could not read dos header from C:\WINDOWS\SYSTEM32\DWrite.dll
[0225/150602.988:ERROR:process_memory_win.cc(73)] ReadMemory at 0x7fff56020000 of 64 bytes failed: Only part of a ReadProcessMemory or WriteProcessMemory request was completed. (0x12B)
[0225/150602.988:WARNING:pe_image_reader.cc(340)] could not read dos header from C:\WINDOWS\SYSTEM32\WINSPOOL.DRV
[0225/150602.988:ERROR:process_memory_win.cc(73)] ReadMemory at 0x7fff76640000 of 64 bytes failed: Only part of a ReadProcessMemory or WriteProcessMemory request was completed. (0x12B)
[0225/150602.988:WARNING:pe_image_reader.cc(340)] could not read dos header from C:\WINDOWS\System32\kernel.appcore.dll
[0225/150602.988:ERROR:process_memory_win.cc(73)] ReadMemory at 0x7fff76960000 of 64 bytes failed: Only part of a ReadProcessMemory or WriteProcessMemory request was completed. (0x12B)
[0225/150602.988:WARNING:pe_image_reader.cc(340)] could not read dos header from C:\WINDOWS\System32\bcrypt.dll
[0225/150602.988:ERROR:process_memory_win.cc(73)] ReadMemory at 0x7fff65db0000 of 64 bytes failed: Only part of a ReadProcessMemory or WriteProcessMemory request was completed. (0x12B)
[0225/150602.988:WARNING:pe_image_reader.cc(340)] could not read dos header from C:\WINDOWS\SYSTEM32\dbghelp.dll
[0225/150602.988:ERROR:process_memory_win.cc(73)] ReadMemory at 0x7fff72230000 of 64 bytes failed: Only part of a ReadProcessMemory or WriteProcessMemory request was completed. (0x12B)
[0225/150602.988:WARNING:pe_image_reader.cc(340)] could not read dos header from C:\WINDOWS\SYSTEM32\WINHTTP.dll
[0225/150602.988:ERROR:process_memory_win.cc(73)] ReadMemory at 0x7fff71280000 of 64 bytes failed: Only part of a ReadProcessMemory or WriteProcessMemory request was completed. (0x12B)
[0225/150602.988:WARNING:pe_image_reader.cc(340)] could not read dos header from C:\WINDOWS\SYSTEM32\dhcpcsvc.DLL
[0225/150602.988:ERROR:process_memory_win.cc(73)] ReadMemory at 0x7fff77ca0000 of 64 bytes failed: Only part of a ReadProcessMemory or WriteProcessMemory request was completed. (0x12B)
[0225/150602.988:WARNING:pe_image_reader.cc(340)] could not read dos header from C:\WINDOWS\System32\NSI.dll
[0225/150602.988:ERROR:process_memory_win.cc(73)] ReadMemory at 0x7fff746c0000 of 64 bytes failed: Only part of a ReadProcessMemory or WriteProcessMemory request was completed. (0x12B)
[0225/150602.988:WARNING:pe_image_reader.cc(340)] could not read dos header from C:\WINDOWS\SYSTEM32\WINMMBASE.dll
[0225/150602.989:ERROR:process_memory_win.cc(73)] ReadMemory at 0x7fff76a30000 of 64 bytes failed: Only part of a ReadProcessMemory or WriteProcessMemory request was completed. (0x12B)
[0225/150602.989:WARNING:pe_image_reader.cc(340)] could not read dos header from C:\WINDOWS\System32\cfgmgr32.dll
[0225/150602.989:ERROR:process_memory_win.cc(73)] ReadMemory at 0x7fff72700000 of 64 bytes failed: Only part of a ReadProcessMemory or WriteProcessMemory request was completed. (0x12B)
[0225/150602.989:WARNING:pe_image_reader.cc(340)] could not read dos header from C:\WINDOWS\SYSTEM32\PROPSYS.dll
[0225/150602.989:ERROR:process_memory_win.cc(73)] ReadMemory at 0x7fff77b20000 of 64 bytes failed: Only part of a ReadProcessMemory or WriteProcessMemory request was completed. (0x12B)
[0225/150602.989:WARNING:pe_image_reader.cc(340)] could not read dos header from C:\WINDOWS\System32\shcore.dll
[0225/150602.989:ERROR:process_memory_win.cc(73)] ReadMemory at 0x7fff764c0000 of 64 bytes failed: Only part of a ReadProcessMemory or WriteProcessMemory request was completed. (0x12B)
[0225/150602.989:WARNING:pe_image_reader.cc(340)] could not read dos header from C:\WINDOWS\SYSTEM32\SSPICLI.DLL
[0225/150602.989:ERROR:process_memory_win.cc(73)] ReadMemory at 0x7fff75f80000 of 64 bytes failed: Only part of a ReadProcessMemory or WriteProcessMemory request was completed. (0x12B)
[0225/150602.989:WARNING:pe_image_reader.cc(340)] could not read dos header from C:\WINDOWS\SYSTEM32\CRYPTBASE.DLL
[0225/150602.989:ERROR:process_memory_win.cc(73)] ReadMemory at 0x7fff784d0000 of 64 bytes failed: Only part of a ReadProcessMemory or WriteProcessMemory request was completed. (0x12B)
[0225/150602.989:WARNING:pe_image_reader.cc(340)] could not read dos header from C:\WINDOWS\System32\ole32.dll
[0225/150602.989:ERROR:process_memory_win.cc(73)] ReadMemory at 0x7fff752a0000 of 64 bytes failed: Only part of a ReadProcessMemory or WriteProcessMemory request was completed. (0x12B)
[0225/150602.989:WARNING:pe_image_reader.cc(340)] could not read dos header from C:\WINDOWS\SYSTEM32\dxgi.dll
[0225/150602.989:ERROR:process_memory_win.cc(73)] ReadMemory at 0x7fff75280000 of 64 bytes failed: Only part of a ReadProcessMemory or WriteProcessMemory request was completed. (0x12B)
[0225/150602.989:WARNING:pe_image_reader.cc(340)] could not read dos header from C:\WINDOWS\SYSTEM32\dxcore.dll
[0225/150602.990:ERROR:process_memory_win.cc(73)] ReadMemory at 0x7fff41a10000 of 64 bytes failed: Only part of a ReadProcessMemory or WriteProcessMemory request was completed. (0x12B)
[0225/150602.990:WARNING:pe_image_reader.cc(340)] could not read dos header from C:\WINDOWS\SYSTEM32\mf.dll
[0225/150602.990:ERROR:process_memory_win.cc(73)] ReadMemory at 0x7fff59f10000 of 64 bytes failed: Only part of a ReadProcessMemory or WriteProcessMemory request was completed. (0x12B)
[0225/150602.990:WARNING:pe_image_reader.cc(340)] could not read dos header from C:\WINDOWS\SYSTEM32\mfplat.dll
[0225/150602.990:ERROR:process_memory_win.cc(73)] ReadMemory at 0x7fff69570000 of 64 bytes failed: Only part of a ReadProcessMemory or WriteProcessMemory request was completed. (0x12B)
[0225/150602.990:WARNING:pe_image_reader.cc(340)] could not read dos header from C:\WINDOWS\SYSTEM32\RTWorkQ.DLL
[0225/150602.990:ERROR:process_memory_win.cc(73)] ReadMemory at 0x7fff40a80000 of 64 bytes failed: Only part of a ReadProcessMemory or WriteProcessMemory request was completed. (0x12B)
[0225/150602.990:WARNING:pe_image_reader.cc(340)] could not read dos header from C:\WINDOWS\SYSTEM32\msmpeg2vdec.dll
[0225/150602.990:ERROR:process_memory_win.cc(73)] ReadMemory at 0x7fff766e0000 of 64 bytes failed: Only part of a ReadProcessMemory or WriteProcessMemory request was completed. (0x12B)
[0225/150602.990:WARNING:pe_image_reader.cc(340)] could not read dos header from C:\WINDOWS\System32\cryptsp.dll
[0225/150602.990:ERROR:process_memory_win.cc(73)] ReadMemory at 0x7fff39c30000 of 64 bytes failed: Only part of a ReadProcessMemory or WriteProcessMemory request was completed. (0x12B)
[0225/150602.990:WARNING:pe_image_reader.cc(340)] could not read dos header from C:\WINDOWS\SYSTEM32\mfperfhelper.dll
[0225/150602.990:ERROR:process_memory_win.cc(73)] ReadMemory at 0x7fff69ed0000 of 64 bytes failed: Only part of a ReadProcessMemory or WriteProcessMemory request was completed. (0x12B)
[0225/150602.990:WARNING:pe_image_reader.cc(340)] could not read dos header from C:\WINDOWS\SYSTEM32\dxva2.dll
[0225/150602.990:ERROR:process_memory_win.cc(73)] ReadMemory at 0x7fff39ab0000 of 64 bytes failed: Only part of a ReadProcessMemory or WriteProcessMemory request was completed. (0x12B)
[0225/150602.990:WARNING:pe_image_reader.cc(340)] could not read dos header from C:\WINDOWS\SYSTEM32\msvproc.dll
[0225/150602.990:ERROR:process_memory_win.cc(73)] ReadMemory at 0x7fff765b0000 of 64 bytes failed: Only part of a ReadProcessMemory or WriteProcessMemory request was completed. (0x12B)
[0225/150602.991:WARNING:pe_image_reader.cc(340)] could not read dos header from C:\WINDOWS\System32\powrprof.dll
[0225/150602.991:ERROR:process_memory_win.cc(73)] ReadMemory at 0x7fff765a0000 of 64 bytes failed: Only part of a ReadProcessMemory or WriteProcessMemory request was completed. (0x12B)
[0225/150602.991:WARNING:pe_image_reader.cc(340)] could not read dos header from C:\WINDOWS\System32\UMPDC.dll
[0225/150602.991:ERROR:process_memory_win.cc(73)] ReadMemory at 0x7fff70e40000 of 64 bytes failed: Only part of a ReadProcessMemory or WriteProcessMemory request was completed. (0x12B)
[0225/150603.112:WARNING:pe_image_reader.cc(340)] could not read dos header from C:\WINDOWS\SYSTEM32\CompPkgSup.DLL
[0225/150603.112:ERROR:process_memory_win.cc(73)] ReadMemory at 0x7fff6da50000 of 64 bytes failed: Only part of a ReadProcessMemory or WriteProcessMemory request was completed. (0x12B)
[0225/150603.112:WARNING:pe_image_reader.cc(340)] could not read dos header from C:\WINDOWS\SYSTEM32\D3DCompiler_47.dll
[0225/150603.112:ERROR:process_memory_win.cc(73)] ReadMemory at 0x7fff24780000 of 64 bytes failed: Only part of a ReadProcessMemory or WriteProcessMemory request was completed. (0x12B)
[0225/150603.112:WARNING:pe_image_reader.cc(340)] could not read dos header from C:\Program Files (x86)\Google\Chrome\Application\80.0.3987.122\libglesv2.dll
[0225/150603.112:ERROR:process_memory_win.cc(73)] ReadMemory at 0x7fff77cb0000 of 64 bytes failed: Only part of a ReadProcessMemory or WriteProcessMemory request was completed. (0x12B)
[0225/150603.113:WARNING:pe_image_reader.cc(340)] could not read dos header from C:\WINDOWS\System32\SETUPAPI.dll
[0225/150603.113:ERROR:process_memory_win.cc(73)] ReadMemory at 0x7fff43840000 of 64 bytes failed: Only part of a ReadProcessMemory or WriteProcessMemory request was completed. (0x12B)
[0225/150603.113:WARNING:pe_image_reader.cc(340)] could not read dos header from C:\Program Files (x86)\Google\Chrome\Application\80.0.3987.122\libegl.dll
[0225/150603.113:ERROR:process_memory_win.cc(73)] ReadMemory at 0x7fff74e50000 of 64 bytes failed: Only part of a ReadProcessMemory or WriteProcessMemory request was completed. (0x12B)
[0225/150603.113:WARNING:pe_image_reader.cc(340)] could not read dos header from C:\WINDOWS\SYSTEM32\dwmapi.dll
[0225/150603.113:ERROR:process_memory_win.cc(73)] ReadMemory at 0x7fff73200000 of 64 bytes failed: Only part of a ReadProcessMemory or WriteProcessMemory request was completed. (0x12B)
[0225/150603.113:WARNING:pe_image_reader.cc(340)] could not read dos header from C:\WINDOWS\SYSTEM32\d3d11.dll
[0225/150603.113:ERROR:process_memory_win.cc(73)] ReadMemory at 0x7fff73b70000 of 64 bytes failed: Only part of a ReadProcessMemory or WriteProcessMemory request was completed. (0x12B)
[0225/150603.113:WARNING:pe_image_reader.cc(340)] could not read dos header from C:\WINDOWS\SYSTEM32\dcomp.dll
[0225/150603.113:ERROR:process_memory_win.cc(73)] ReadMemory at 0x7fff42320000 of 64 bytes failed: Only part of a ReadProcessMemory or WriteProcessMemory request was completed. (0x12B)
[0225/150603.113:WARNING:pe_image_reader.cc(340)] could not read dos header from C:\WINDOWS\System32\DriverStore\FileRepository\igdlh64.inf_amd64_48c2e68e54c92258\igd10iumd64.dll
[0225/150603.113:ERROR:process_memory_win.cc(73)] ReadMemory at 0x7fff76080000 of 64 bytes failed: Only part of a ReadProcessMemory or WriteProcessMemory request was completed. (0x12B)
[0225/150603.113:WARNING:pe_image_reader.cc(340)] could not read dos header from C:\WINDOWS\SYSTEM32\ncrypt.dll
[0225/150603.113:ERROR:process_memory_win.cc(73)] ReadMemory at 0x7fff76040000 of 64 bytes failed: Only part of a ReadProcessMemory or WriteProcessMemory request was completed. (0x12B)
[0225/150603.113:WARNING:pe_image_reader.cc(340)] could not read dos header from C:\WINDOWS\SYSTEM32\NTASN1.dll
[0225/150603.113:ERROR:process_memory_win.cc(73)] ReadMemory at 0x7fff3b920000 of 64 bytes failed: Only part of a ReadProcessMemory or WriteProcessMemory request was completed. (0x12B)
[0225/150603.113:WARNING:pe_image_reader.cc(340)] could not read dos header from C:\WINDOWS\System32\DriverStore\FileRepository\igdlh64.inf_amd64_48c2e68e54c92258\igc64.dll
[0225/150603.113:ERROR:process_memory_win.cc(73)] ReadMemory at 0x7fff78dc0000 of 64 bytes failed: Only part of a ReadProcessMemory or WriteProcessMemory request was completed. (0x12B)
[0225/150603.113:WARNING:pe_image_reader.cc(340)] could not read dos header from C:\WINDOWS\System32\clbcatq.dll
[0225/150603.113:ERROR:process_memory_win.cc(73)] ReadMemory at 0x7fff72320000 of 64 bytes failed: Only part of a ReadProcessMemory or WriteProcessMemory request was completed. (0x12B)
[0225/150603.113:WARNING:pe_image_reader.cc(340)] could not read dos header from C:\Windows\System32\WinTypes.dll
[0225/150603.113:ERROR:process_memory_win.cc(73)] ReadMemory at 0x7fff327f0000 of 64 bytes failed: Only part of a ReadProcessMemory or WriteProcessMemory request was completed. (0x12B)
[0225/150603.113:WARNING:pe_image_reader.cc(340)] could not read dos header from C:\WINDOWS\System32\DriverStore\FileRepository\igdlh64.inf_amd64_48c2e68e54c92258\igd11dxva64.dll
[0225/150603.113:ERROR:process_memory_win.cc(73)] ReadMemory at 0x7fff41690000 of 64 bytes failed: Only part of a ReadProcessMemory or WriteProcessMemory request was completed. (0x12B)
[0225/150603.113:WARNING:pe_image_reader.cc(340)] could not read dos header from C:\Windows\System32\mfh264enc.dll
[0225/150603.114:ERROR:process_memory_win.cc(73)] ReadMemory at 0x7fff74620000 of 64 bytes failed: Only part of a ReadProcessMemory or WriteProcessMemory request was completed. (0x12B)
[0225/150603.114:WARNING:pe_image_reader.cc(340)] could not read dos header from C:\WINDOWS\system32\uxtheme.dll
[0225/150603.114:ERROR:process_memory_win.cc(73)] ReadMemory at 0x7fff78c80000 of 64 bytes failed: Only part of a ReadProcessMemory or WriteProcessMemory request was completed. (0x12B)
[0225/150603.114:WARNING:pe_image_reader.cc(340)] could not read dos header from C:\WINDOWS\System32\MSCTF.dll
[0225/150603.114:ERROR:process_memory_win.cc(73)] ReadMemory at 0x7fff375c0000 of 64 bytes failed: Only part of a ReadProcessMemory or WriteProcessMemory request was completed. (0x12B)
[0225/150603.114:WARNING:pe_image_reader.cc(340)] could not read dos header from C:\Windows\System32\Windows.Media.dll
[0225/150603.114:ERROR:process_memory_win.cc(73)] ReadMemory at 0x7fff75600000 of 64 bytes failed: Only part of a ReadProcessMemory or WriteProcessMemory request was completed. (0x12B)
[0225/150603.114:WARNING:pe_image_reader.cc(340)] could not read dos header from C:\WINDOWS\SYSTEM32\ntmarta.dll
[0225/150603.114:ERROR:process_memory_win.cc(73)] ReadMemory at 0x7ff7b7360000 of 64 bytes failed: Only part of a ReadProcessMemory or WriteProcessMemory request was completed. (0x12B)
[0225/150603.114:WARNING:pe_image_reader.cc(340)] could not read dos header from C:\Program Files (x86)\Google\Chrome\Application\chrome.exe
[0225/150603.114:ERROR:process_memory_win.cc(73)] ReadMemory at 0x7fff79700000 of 64 bytes failed: Only part of a ReadProcessMemory or WriteProcessMemory request was completed. (0x12B)
[0225/150603.114:WARNING:pe_image_reader.cc(340)] could not read dos header from C:\WINDOWS\SYSTEM32\ntdll.dll
[0225/150603.114:ERROR:process_memory_win.cc(73)] ReadMemory at 0x7fff78ed0000 of 64 bytes failed: Only part of a ReadProcessMemory or WriteProcessMemory request was completed. (0x12B)
[0225/150603.114:WARNING:pe_image_reader.cc(340)] could not read dos header from C:\WINDOWS\System32\KERNEL32.DLL
[0225/150603.114:ERROR:process_memory_win.cc(73)] ReadMemory at 0x7fff76d20000 of 64 bytes failed: Only part of a ReadProcessMemory or WriteProcessMemory request was completed. (0x12B)
[0225/150603.114:WARNING:pe_image_reader.cc(340)] could not read dos header from C:\WINDOWS\System32\KERNELBASE.dll
[0225/150603.114:ERROR:process_memory_win.cc(73)] ReadMemory at 0x7fff41810000 of 64 bytes failed: Only part of a ReadProcessMemory or WriteProcessMemory request was completed. (0x12B)
[0225/150603.114:WARNING:pe_image_reader.cc(340)] could not read dos header from C:\Program Files (x86)\Google\Chrome\Application\80.0.3987.122\chrome_elf.dll
[0225/150603.114:ERROR:process_memory_win.cc(73)] ReadMemory at 0x7fff72dd0000 of 64 bytes failed: Only part of a ReadProcessMemory or WriteProcessMemory request was completed. (0x12B)
[0225/150603.114:WARNING:pe_image_reader.cc(340)] could not read dos header from C:\WINDOWS\SYSTEM32\VERSION.dll
[0225/150603.114:ERROR:process_memory_win.cc(73)] ReadMemory at 0x7fff77820000 of 64 bytes failed: Only part of a ReadProcessMemory or WriteProcessMemory request was completed. (0x12B)
[0225/150603.114:WARNING:pe_image_reader.cc(340)] could not read dos header from C:\WINDOWS\System32\msvcrt.dll
[0225/150603.114:ERROR:process_memory_win.cc(73)] ReadMemory at 0x7fff76660000 of 64 bytes failed: Only part of a ReadProcessMemory or WriteProcessMemory request was completed. (0x12B)
[0225/150603.114:WARNING:pe_image_reader.cc(340)] could not read dos header from C:\WINDOWS\System32\bcryptPrimitives.dll
[0225/150603.114:ERROR:process_memory_win.cc(73)] ReadMemory at 0x7fff778c0000 of 64 bytes failed: Only part of a ReadProcessMemory or WriteProcessMemory request was completed. (0x12B)
[0225/150603.114:WARNING:pe_image_reader.cc(340)] could not read dos header from C:\WINDOWS\System32\ADVAPI32.dll
[0225/150603.115:ERROR:process_memory_win.cc(73)] ReadMemory at 0x7fff77780000 of 64 bytes failed: Only part of a ReadProcessMemory or WriteProcessMemory request was completed. (0x12B)
[0225/150603.115:WARNING:pe_image_reader.cc(340)] could not read dos header from C:\WINDOWS\System32\sechost.dll
[0225/150603.115:ERROR:process_memory_win.cc(73)] ReadMemory at 0x7fff781f0000 of 64 bytes failed: Only part of a ReadProcessMemory or WriteProcessMemory request was completed. (0x12B)
[0225/150603.115:WARNING:pe_image_reader.cc(340)] could not read dos header from C:\WINDOWS\System32\RPCRT4.dll
[0225/150603.115:ERROR:process_memory_win.cc(73)] ReadMemory at 0x7fff787a0000 of 64 bytes failed: Only part of a ReadProcessMemory or WriteProcessMemory request was completed. (0x12B)
[0225/150603.115:WARNING:pe_image_reader.cc(340)] could not read dos header from C:\WINDOWS\System32\user32.dll
[0225/150603.115:ERROR:process_memory_win.cc(73)] ReadMemory at 0x7fff76fd0000 of 64 bytes failed: Only part of a ReadProcessMemory or WriteProcessMemory request was completed. (0x12B)
[0225/150603.115:WARNING:pe_image_reader.cc(340)] could not read dos header from C:\WINDOWS\System32\win32u.dll
[0225/150603.115:ERROR:process_memory_win.cc(73)] ReadMemory at 0x7fff781c0000 of 64 bytes failed: Only part of a ReadProcessMemory or WriteProcessMemory request was completed. (0x12B)
[0225/150603.115:WARNING:pe_image_reader.cc(340)] could not read dos header from C:\WINDOWS\System32\GDI32.dll
[0225/150603.115:ERROR:process_memory_win.cc(73)] ReadMemory at 0x7fff76b80000 of 64 bytes failed: Only part of a ReadProcessMemory or WriteProcessMemory request was completed. (0x12B)
[0225/150603.115:WARNING:pe_image_reader.cc(340)] could not read dos header from C:\WINDOWS\System32\gdi32full.dll
[0225/150603.115:ERROR:process_memory_win.cc(73)] ReadMemory at 0x7fff76990000 of 64 bytes failed: Only part of a ReadProcessMemory or WriteProcessMemory request was completed. (0x12B)
[0225/150603.115:WARNING:pe_image_reader.cc(340)] could not read dos header from C:\WINDOWS\System32\msvcp_win.dll
[0225/150603.115:ERROR:process_memory_win.cc(73)] ReadMemory at 0x7fff76a80000 of 64 bytes failed: Only part of a ReadProcessMemory or WriteProcessMemory request was completed. (0x12B)
[0225/150603.115:WARNING:pe_image_reader.cc(340)] could not read dos header from C:\WINDOWS\System32\ucrtbase.dll
[0225/150603.115:ERROR:process_memory_win.cc(73)] ReadMemory at 0x7fff78770000 of 64 bytes failed: Only part of a ReadProcessMemory or WriteProcessMemory request was completed. (0x12B)
[0225/150603.115:WARNING:pe_image_reader.cc(340)] could not read dos header from C:\WINDOWS\System32\IMM32.DLL
[0225/150603.115:ERROR:process_memory_win.cc(73)] ReadMemory at 0x7fff275a0000 of 64 bytes failed: Only part of a ReadProcessMemory or WriteProcessMemory request was completed. (0x12B)
[0225/150603.115:WARNING:pe_image_reader.cc(340)] could not read dos header from C:\Program Files (x86)\Google\Chrome\Application\80.0.3987.122\chrome.dll
[0225/150603.115:ERROR:process_memory_win.cc(73)] ReadMemory at 0x7fff78400000 of 64 bytes failed: Only part of a ReadProcessMemory or WriteProcessMemory request was completed. (0x12B)
[0225/150603.115:WARNING:pe_image_reader.cc(340)] could not read dos header from C:\WINDOWS\System32\WS2_32.dll
[0225/150603.115:ERROR:process_memory_win.cc(73)] ReadMemory at 0x7fff77bd0000 of 64 bytes failed: Only part of a ReadProcessMemory or WriteProcessMemory request was completed. (0x12B)
[0225/150603.115:WARNING:pe_image_reader.cc(340)] could not read dos header from C:\WINDOWS\System32\OLEAUT32.dll
[0225/150603.115:ERROR:process_memory_win.cc(73)] ReadMemory at 0x7fff78940000 of 64 bytes failed: Only part of a ReadProcessMemory or WriteProcessMemory request was completed. (0x12B)
[0225/150603.115:WARNING:pe_image_reader.cc(340)] could not read dos header from C:\WINDOWS\System32\combase.dll
[0225/150603.115:ERROR:process_memory_win.cc(73)] ReadMemory at 0x7fff76850000 of 64 bytes failed: Only part of a ReadProcessMemory or WriteProcessMemory request was completed. (0x12B)
[0225/150603.115:WARNING:pe_image_reader.cc(340)] could not read dos header from C:\WINDOWS\System32\WINTRUST.dll
[0225/150603.116:ERROR:process_memory_win.cc(73)] ReadMemory at 0x7fff76600000 of 64 bytes failed: Only part of a ReadProcessMemory or WriteProcessMemory request was completed. (0x12B)
[0225/150603.116:WARNING:pe_image_reader.cc(340)] could not read dos header from C:\WINDOWS\System32\MSASN1.dll
[0225/150603.116:ERROR:process_memory_win.cc(73)] ReadMemory at 0x7fff76700000 of 64 bytes failed: Only part of a ReadProcessMemory or WriteProcessMemory request was completed. (0x12B)
[0225/150603.116:WARNING:pe_image_reader.cc(340)] could not read dos header from C:\WINDOWS\System32\CRYPT32.dll
[0225/150603.116:ERROR:process_memory_win.cc(73)] ReadMemory at 0x7fff75ac0000 of 64 bytes failed: Only part of a ReadProcessMemory or WriteProcessMemory request was completed. (0x12B)
[0225/150603.116:WARNING:pe_image_reader.cc(340)] could not read dos header from C:\WINDOWS\SYSTEM32\IPHLPAPI.DLL
[0225/150603.116:ERROR:process_memory_win.cc(73)] ReadMemory at 0x7fff747f0000 of 64 bytes failed: Only part of a ReadProcessMemory or WriteProcessMemory request was completed. (0x12B)
[0225/150603.116:WARNING:pe_image_reader.cc(340)] could not read dos header from C:\WINDOWS\SYSTEM32\WINMM.dll
[0225/150603.116:ERROR:process_memory_win.cc(73)] ReadMemory at 0x7fff65fb0000 of 64 bytes failed: Only part of a ReadProcessMemory or WriteProcessMemory request was completed. (0x12B)
[0225/150603.116:WARNING:pe_image_reader.cc(340)] could not read dos header from C:\WINDOWS\SYSTEM32\Secur32.dll
[0225/150603.116:ERROR:process_memory_win.cc(73)] ReadMemory at 0x7fff76490000 of 64 bytes failed: Only part of a ReadProcessMemory or WriteProcessMemory request was completed. (0x12B)
[0225/150603.116:WARNING:pe_image_reader.cc(340)] could not read dos header from C:\WINDOWS\SYSTEM32\USERENV.dll
[0225/150603.116:ERROR:process_memory_win.cc(73)] ReadMemory at 0x7fff76620000 of 64 bytes failed: Only part of a ReadProcessMemory or WriteProcessMemory request was completed. (0x12B)
[0225/150603.116:WARNING:pe_image_reader.cc(340)] could not read dos header from C:\WINDOWS\System32\profapi.dll
[0225/150603.116:ERROR:process_memory_win.cc(73)] ReadMemory at 0x7fff478f0000 of 64 bytes failed: Only part of a ReadProcessMemory or WriteProcessMemory request was completed. (0x12B)
[0225/150603.116:WARNING:pe_image_reader.cc(340)] could not read dos header from C:\WINDOWS\SYSTEM32\UIAutomationCore.DLL
[0225/150603.116:ERROR:process_memory_win.cc(73)] ReadMemory at 0x7fff6d190000 of 64 bytes failed: Only part of a ReadProcessMemory or WriteProcessMemory request was completed. (0x12B)
[0225/150603.116:WARNING:pe_image_reader.cc(340)] could not read dos header from C:\WINDOWS\SYSTEM32\DWrite.dll
[0225/150603.116:ERROR:process_memory_win.cc(73)] ReadMemory at 0x7fff56020000 of 64 bytes failed: Only part of a ReadProcessMemory or WriteProcessMemory request was completed. (0x12B)
[0225/150603.116:WARNING:pe_image_reader.cc(340)] could not read dos header from C:\WINDOWS\SYSTEM32\WINSPOOL.DRV
[0225/150603.116:ERROR:process_memory_win.cc(73)] ReadMemory at 0x7fff76640000 of 64 bytes failed: Only part of a ReadProcessMemory or WriteProcessMemory request was completed. (0x12B)
[0225/150603.116:WARNING:pe_image_reader.cc(340)] could not read dos header from C:\WINDOWS\System32\kernel.appcore.dll
[0225/150603.116:ERROR:process_memory_win.cc(73)] ReadMemory at 0x7fff76960000 of 64 bytes failed: Only part of a ReadProcessMemory or WriteProcessMemory request was completed. (0x12B)
[0225/150603.116:WARNING:pe_image_reader.cc(340)] could not read dos header from C:\WINDOWS\System32\bcrypt.dll
[0225/150603.116:ERROR:process_memory_win.cc(73)] ReadMemory at 0x7fff65db0000 of 64 bytes failed: Only part of a ReadProcessMemory or WriteProcessMemory request was completed. (0x12B)
[0225/150603.116:WARNING:pe_image_reader.cc(340)] could not read dos header from C:\WINDOWS\SYSTEM32\dbghelp.dll
[0225/150603.117:ERROR:process_memory_win.cc(73)] ReadMemory at 0x7fff72230000 of 64 bytes failed: Only part of a ReadProcessMemory or WriteProcessMemory request was completed. (0x12B)
[0225/150603.117:WARNING:pe_image_reader.cc(340)] could not read dos header from C:\WINDOWS\SYSTEM32\WINHTTP.dll
[0225/150603.117:ERROR:process_memory_win.cc(73)] ReadMemory at 0x7fff71280000 of 64 bytes failed: Only part of a ReadProcessMemory or WriteProcessMemory request was completed. (0x12B)
[0225/150603.117:WARNING:pe_image_reader.cc(340)] could not read dos header from C:\WINDOWS\SYSTEM32\dhcpcsvc.DLL
[0225/150603.117:ERROR:process_memory_win.cc(73)] ReadMemory at 0x7fff77ca0000 of 64 bytes failed: Only part of a ReadProcessMemory or WriteProcessMemory request was completed. (0x12B)
[0225/150603.117:WARNING:pe_image_reader.cc(340)] could not read dos header from C:\WINDOWS\System32\NSI.dll
[0225/150603.117:ERROR:process_memory_win.cc(73)] ReadMemory at 0x7fff746c0000 of 64 bytes failed: Only part of a ReadProcessMemory or WriteProcessMemory request was completed. (0x12B)
[0225/150603.117:WARNING:pe_image_reader.cc(340)] could not read dos header from C:\WINDOWS\SYSTEM32\WINMMBASE.dll
[0225/150603.117:ERROR:process_memory_win.cc(73)] ReadMemory at 0x7fff76a30000 of 64 bytes failed: Only part of a ReadProcessMemory or WriteProcessMemory request was completed. (0x12B)
[0225/150603.117:WARNING:pe_image_reader.cc(340)] could not read dos header from C:\WINDOWS\System32\cfgmgr32.dll
[0225/150603.117:ERROR:process_memory_win.cc(73)] ReadMemory at 0x7fff72700000 of 64 bytes failed: Only part of a ReadProcessMemory or WriteProcessMemory request was completed. (0x12B)
[0225/150603.117:WARNING:pe_image_reader.cc(340)] could not read dos header from C:\WINDOWS\SYSTEM32\PROPSYS.dll
[0225/150603.117:ERROR:process_memory_win.cc(73)] ReadMemory at 0x7fff77b20000 of 64 bytes failed: Only part of a ReadProcessMemory or WriteProcessMemory request was completed. (0x12B)
[0225/150603.117:WARNING:pe_image_reader.cc(340)] could not read dos header from C:\WINDOWS\System32\shcore.dll
[0225/150603.117:ERROR:process_memory_win.cc(73)] ReadMemory at 0x7fff764c0000 of 64 bytes failed: Only part of a ReadProcessMemory or WriteProcessMemory request was completed. (0x12B)
[0225/150603.117:WARNING:pe_image_reader.cc(340)] could not read dos header from C:\WINDOWS\SYSTEM32\SSPICLI.DLL
[0225/150603.117:ERROR:process_memory_win.cc(73)] ReadMemory at 0x7fff75f80000 of 64 bytes failed: Only part of a ReadProcessMemory or WriteProcessMemory request was completed. (0x12B)
[0225/150603.117:WARNING:pe_image_reader.cc(340)] could not read dos header from C:\WINDOWS\SYSTEM32\CRYPTBASE.DLL
[0225/150603.117:ERROR:process_memory_win.cc(73)] ReadMemory at 0x7fff784d0000 of 64 bytes failed: Only part of a ReadProcessMemory or WriteProcessMemory request was completed. (0x12B)
[0225/150603.117:WARNING:pe_image_reader.cc(340)] could not read dos header from C:\WINDOWS\System32\ole32.dll
[0225/150603.117:ERROR:process_memory_win.cc(73)] ReadMemory at 0x7fff752a0000 of 64 bytes failed: Only part of a ReadProcessMemory or WriteProcessMemory request was completed. (0x12B)
[0225/150603.117:WARNING:pe_image_reader.cc(340)] could not read dos header from C:\WINDOWS\SYSTEM32\dxgi.dll
[0225/150603.117:ERROR:process_memory_win.cc(73)] ReadMemory at 0x7fff75280000 of 64 bytes failed: Only part of a ReadProcessMemory or WriteProcessMemory request was completed. (0x12B)
[0225/150603.117:WARNING:pe_image_reader.cc(340)] could not read dos header from C:\WINDOWS\SYSTEM32\dxcore.dll
[0225/150603.117:ERROR:process_memory_win.cc(73)] ReadMemory at 0x7fff41a10000 of 64 bytes failed: Only part of a ReadProcessMemory or WriteProcessMemory request was completed. (0x12B)
[0225/150603.117:WARNING:pe_image_reader.cc(340)] could not read dos header from C:\WINDOWS\SYSTEM32\mf.dll
[0225/150603.118:ERROR:process_memory_win.cc(73)] ReadMemory at 0x7fff59f10000 of 64 bytes failed: Only part of a ReadProcessMemory or WriteProcessMemory request was completed. (0x12B)
[0225/150603.118:WARNING:pe_image_reader.cc(340)] could not read dos header from C:\WINDOWS\SYSTEM32\mfplat.dll
[0225/150603.118:ERROR:process_memory_win.cc(73)] ReadMemory at 0x7fff69570000 of 64 bytes failed: Only part of a ReadProcessMemory or WriteProcessMemory request was completed. (0x12B)
[0225/150603.118:WARNING:pe_image_reader.cc(340)] could not read dos header from C:\WINDOWS\SYSTEM32\RTWorkQ.DLL
[0225/150603.118:ERROR:process_memory_win.cc(73)] ReadMemory at 0x7fff40a80000 of 64 bytes failed: Only part of a ReadProcessMemory or WriteProcessMemory request was completed. (0x12B)
[0225/150603.118:WARNING:pe_image_reader.cc(340)] could not read dos header from C:\WINDOWS\SYSTEM32\msmpeg2vdec.dll
[0225/150603.118:ERROR:process_memory_win.cc(73)] ReadMemory at 0x7fff766e0000 of 64 bytes failed: Only part of a ReadProcessMemory or WriteProcessMemory request was completed. (0x12B)
[0225/150603.118:WARNING:pe_image_reader.cc(340)] could not read dos header from C:\WINDOWS\System32\cryptsp.dll
[0225/150603.118:ERROR:process_memory_win.cc(73)] ReadMemory at 0x7fff39c30000 of 64 bytes failed: Only part of a ReadProcessMemory or WriteProcessMemory request was completed. (0x12B)
[0225/150603.118:WARNING:pe_image_reader.cc(340)] could not read dos header from C:\WINDOWS\SYSTEM32\mfperfhelper.dll
[0225/150603.118:ERROR:process_memory_win.cc(73)] ReadMemory at 0x7fff69ed0000 of 64 bytes failed: Only part of a ReadProcessMemory or WriteProcessMemory request was completed. (0x12B)
[0225/150603.118:WARNING:pe_image_reader.cc(340)] could not read dos header from C:\WINDOWS\SYSTEM32\dxva2.dll
[0225/150603.118:ERROR:process_memory_win.cc(73)] ReadMemory at 0x7fff39ab0000 of 64 bytes failed: Only part of a ReadProcessMemory or WriteProcessMemory request was completed. (0x12B)
[0225/150603.118:WARNING:pe_image_reader.cc(340)] could not read dos header from C:\WINDOWS\SYSTEM32\msvproc.dll
[0225/150603.118:ERROR:process_memory_win.cc(73)] ReadMemory at 0x7fff765b0000 of 64 bytes failed: Only part of a ReadProcessMemory or WriteProcessMemory request was completed. (0x12B)
[0225/150603.118:WARNING:pe_image_reader.cc(340)] could not read dos header from C:\WINDOWS\System32\powrprof.dll
[0225/150603.118:ERROR:process_memory_win.cc(73)] ReadMemory at 0x7fff765a0000 of 64 bytes failed: Only part of a ReadProcessMemory or WriteProcessMemory request was completed. (0x12B)
[0225/150603.118:WARNING:pe_image_reader.cc(340)] could not read dos header from C:\WINDOWS\System32\UMPDC.dll
[0225/150603.118:ERROR:process_memory_win.cc(73)] ReadMemory at 0x7fff70e40000 of 64 bytes failed: Only part of a ReadProcessMemory or WriteProcessMemory request was completed. (0x12B)
[0225/150603.118:WARNING:pe_image_reader.cc(340)] could not read dos header from C:\WINDOWS\SYSTEM32\CompPkgSup.DLL
[0225/150603.118:ERROR:process_memory_win.cc(73)] ReadMemory at 0x7fff6da50000 of 64 bytes failed: Only part of a ReadProcessMemory or WriteProcessMemory request was completed. (0x12B)
[0225/150603.118:WARNING:pe_image_reader.cc(340)] could not read dos header from C:\WINDOWS\SYSTEM32\D3DCompiler_47.dll
[0225/150603.118:ERROR:process_memory_win.cc(73)] ReadMemory at 0x7fff24780000 of 64 bytes failed: Only part of a ReadProcessMemory or WriteProcessMemory request was completed. (0x12B)
[0225/150603.118:WARNING:pe_image_reader.cc(340)] could not read dos header from C:\Program Files (x86)\Google\Chrome\Application\80.0.3987.122\libglesv2.dll
[0225/150603.118:ERROR:process_memory_win.cc(73)] ReadMemory at 0x7fff77cb0000 of 64 bytes failed: Only part of a ReadProcessMemory or WriteProcessMemory request was completed. (0x12B)
[0225/150603.118:WARNING:pe_image_reader.cc(340)] could not read dos header from C:\WINDOWS\System32\SETUPAPI.dll
[0225/150603.118:ERROR:process_memory_win.cc(73)] ReadMemory at 0x7fff43840000 of 64 bytes failed: Only part of a ReadProcessMemory or WriteProcessMemory request was completed. (0x12B)
[0225/150603.118:WARNING:pe_image_reader.cc(340)] could not read dos header from C:\Program Files (x86)\Google\Chrome\Application\80.0.3987.122\libegl.dll
[0225/150603.119:ERROR:process_memory_win.cc(73)] ReadMemory at 0x7fff74e50000 of 64 bytes failed: Only part of a ReadProcessMemory or WriteProcessMemory request was completed. (0x12B)
[0225/150603.119:WARNING:pe_image_reader.cc(340)] could not read dos header from C:\WINDOWS\SYSTEM32\dwmapi.dll
[0225/150603.119:ERROR:process_memory_win.cc(73)] ReadMemory at 0x7fff73200000 of 64 bytes failed: Only part of a ReadProcessMemory or WriteProcessMemory request was completed. (0x12B)
[0225/150603.119:WARNING:pe_image_reader.cc(340)] could not read dos header from C:\WINDOWS\SYSTEM32\d3d11.dll
[0225/150603.119:ERROR:process_memory_win.cc(73)] ReadMemory at 0x7fff73b70000 of 64 bytes failed: Only part of a ReadProcessMemory or WriteProcessMemory request was completed. (0x12B)
[0225/150603.119:WARNING:pe_image_reader.cc(340)] could not read dos header from C:\WINDOWS\SYSTEM32\dcomp.dll
[0225/150603.119:ERROR:process_memory_win.cc(73)] ReadMemory at 0x7fff42320000 of 64 bytes failed: Only part of a ReadProcessMemory or WriteProcessMemory request was completed. (0x12B)
[0225/150603.119:WARNING:pe_image_reader.cc(340)] could not read dos header from C:\WINDOWS\System32\DriverStore\FileRepository\igdlh64.inf_amd64_48c2e68e54c92258\igd10iumd64.dll
[0225/150603.119:ERROR:process_memory_win.cc(73)] ReadMemory at 0x7fff76080000 of 64 bytes failed: Only part of a ReadProcessMemory or WriteProcessMemory request was completed. (0x12B)
[0225/150603.119:WARNING:pe_image_reader.cc(340)] could not read dos header from C:\WINDOWS\SYSTEM32\ncrypt.dll
[0225/150603.119:ERROR:process_memory_win.cc(73)] ReadMemory at 0x7fff76040000 of 64 bytes failed: Only part of a ReadProcessMemory or WriteProcessMemory request was completed. (0x12B)
[0225/150603.119:WARNING:pe_image_reader.cc(340)] could not read dos header from C:\WINDOWS\SYSTEM32\NTASN1.dll
[0225/150603.119:ERROR:process_memory_win.cc(73)] ReadMemory at 0x7fff3b920000 of 64 bytes failed: Only part of a ReadProcessMemory or WriteProcessMemory request was completed. (0x12B)
[0225/150603.119:WARNING:pe_image_reader.cc(340)] could not read dos header from C:\WINDOWS\System32\DriverStore\FileRepository\igdlh64.inf_amd64_48c2e68e54c92258\igc64.dll
[0225/150603.119:ERROR:process_memory_win.cc(73)] ReadMemory at 0x7fff78dc0000 of 64 bytes failed: Only part of a ReadProcessMemory or WriteProcessMemory request was completed. (0x12B)
[0225/150603.119:WARNING:pe_image_reader.cc(340)] could not read dos header from C:\WINDOWS\System32\clbcatq.dll
[0225/150603.119:ERROR:process_memory_win.cc(73)] ReadMemory at 0x7fff72320000 of 64 bytes failed: Only part of a ReadProcessMemory or WriteProcessMemory request was completed. (0x12B)
[0225/150603.119:WARNING:pe_image_reader.cc(340)] could not read dos header from C:\Windows\System32\WinTypes.dll
[0225/150603.119:ERROR:process_memory_win.cc(73)] ReadMemory at 0x7fff327f0000 of 64 bytes failed: Only part of a ReadProcessMemory or WriteProcessMemory request was completed. (0x12B)
[0225/150603.119:WARNING:pe_image_reader.cc(340)] could not read dos header from C:\WINDOWS\System32\DriverStore\FileRepository\igdlh64.inf_amd64_48c2e68e54c92258\igd11dxva64.dll
[0225/150603.119:ERROR:process_memory_win.cc(73)] ReadMemory at 0x7fff41690000 of 64 bytes failed: Only part of a ReadProcessMemory or WriteProcessMemory request was completed. (0x12B)
[0225/150603.119:WARNING:pe_image_reader.cc(340)] could not read dos header from C:\Windows\System32\mfh264enc.dll
[0225/150603.119:ERROR:process_memory_win.cc(73)] ReadMemory at 0x7fff74620000 of 64 bytes failed: Only part of a ReadProcessMemory or WriteProcessMemory request was completed. (0x12B)
[0225/150603.119:WARNING:pe_image_reader.cc(340)] could not read dos header from C:\WINDOWS\system32\uxtheme.dll
[0225/150603.119:ERROR:process_memory_win.cc(73)] ReadMemory at 0x7fff78c80000 of 64 bytes failed: Only part of a ReadProcessMemory or WriteProcessMemory request was completed. (0x12B)
[0225/150603.119:WARNING:pe_image_reader.cc(340)] could not read dos header from C:\WINDOWS\System32\MSCTF.dll
[0225/150603.119:ERROR:process_memory_win.cc(73)] ReadMemory at 0x7fff375c0000 of 64 bytes failed: Only part of a ReadProcessMemory or WriteProcessMemory request was completed. (0x12B)
[0225/150603.120:WARNING:pe_image_reader.cc(340)] could not read dos header from C:\Windows\System32\Windows.Media.dll
[0225/150603.120:ERROR:process_memory_win.cc(73)] ReadMemory at 0x7fff75600000 of 64 bytes failed: Only part of a ReadProcessMemory or WriteProcessMemory request was completed. (0x12B)
[0225/150603.120:WARNING:pe_image_reader.cc(340)] could not read dos header from C:\WINDOWS\SYSTEM32\ntmarta.dll
[0225/150603.319:ERROR:process_memory_win.cc(73)] ReadMemory at 0x8637dec000 of 81920 bytes failed: Only part of a ReadProcessMemory or WriteProcessMemory request was completed. (0x12B)
[0225/150603.319:ERROR:process_memory_win.cc(73)] ReadMemory at 0x86385fd000 of 12288 bytes failed: Only part of a ReadProcessMemory or WriteProcessMemory request was completed. (0x12B)
[0225/150603.319:ERROR:process_memory_win.cc(73)] ReadMemory at 0x8638dfd000 of 12288 bytes failed: Only part of a ReadProcessMemory or WriteProcessMemory request was completed. (0x12B)
[0225/150603.320:ERROR:process_memory_win.cc(73)] ReadMemory at 0x86395fd000 of 12288 bytes failed: Only part of a ReadProcessMemory or WriteProcessMemory request was completed. (0x12B)
[0225/150603.320:ERROR:process_memory_win.cc(73)] ReadMemory at 0x8639dfd000 of 12288 bytes failed: Only part of a ReadProcessMemory or WriteProcessMemory request was completed. (0x12B)
[0225/150603.320:ERROR:process_memory_win.cc(73)] ReadMemory at 0x863a5fc000 of 16384 bytes failed: Only part of a ReadProcessMemory or WriteProcessMemory request was completed. (0x12B)
[0225/150603.320:ERROR:process_memory_win.cc(73)] ReadMemory at 0x863adfe000 of 8192 bytes failed: Only part of a ReadProcessMemory or WriteProcessMemory request was completed. (0x12B)
[0225/150603.320:ERROR:process_memory_win.cc(73)] ReadMemory at 0x863b5f6000 of 40960 bytes failed: Only part of a ReadProcessMemory or WriteProcessMemory request was completed. (0x12B)
[0225/150603.320:ERROR:process_memory_win.cc(73)] ReadMemory at 0x863d5fd000 of 12288 bytes failed: Only part of a ReadProcessMemory or WriteProcessMemory request was completed. (0x12B)
[0225/150603.320:ERROR:process_memory_win.cc(73)] ReadMemory at 0x863ddfd000 of 12288 bytes failed: Only part of a ReadProcessMemory or WriteProcessMemory request was completed. (0x12B)
[0225/150603.321:ERROR:process_memory_win.cc(73)] ReadMemory at 0x863e5fd000 of 12288 bytes failed: Only part of a ReadProcessMemory or WriteProcessMemory request was completed. (0x12B)
[0225/150603.321:ERROR:process_memory_win.cc(73)] ReadMemory at 0x863edf9000 of 28672 bytes failed: Only part of a ReadProcessMemory or WriteProcessMemory request was completed. (0x12B)
[0225/150603.321:ERROR:process_memory_win.cc(73)] ReadMemory at 0x86374e2000 of 852 bytes failed: Only part of a ReadProcessMemory or WriteProcessMemory request was completed. (0x12B)
[0225/150603.321:ERROR:process_memory_win.cc(73)] ReadMemory at 0x86374e3000 of 6024 bytes failed: Only part of a ReadProcessMemory or WriteProcessMemory request was completed. (0x12B)
[0225/150603.321:ERROR:process_memory_win.cc(73)] ReadMemory at 0x86374e5000 of 6024 bytes failed: Only part of a ReadProcessMemory or WriteProcessMemory request was completed. (0x12B)
[0225/150603.321:ERROR:process_memory_win.cc(73)] ReadMemory at 0x86374e7000 of 6024 bytes failed: Only part of a ReadProcessMemory or WriteProcessMemory request was completed. (0x12B)
[0225/150603.321:ERROR:process_memory_win.cc(73)] ReadMemory at 0x86374e9000 of 6024 bytes failed: Only part of a ReadProcessMemory or WriteProcessMemory request was completed. (0x12B)
[0225/150603.322:ERROR:process_memory_win.cc(73)] ReadMemory at 0x86374eb000 of 6024 bytes failed: Only part of a ReadProcessMemory or WriteProcessMemory request was completed. (0x12B)
[0225/150603.322:ERROR:process_memory_win.cc(73)] ReadMemory at 0x86374ed000 of 6024 bytes failed: Only part of a ReadProcessMemory or WriteProcessMemory request was completed. (0x12B)
[0225/150603.322:ERROR:process_memory_win.cc(73)] ReadMemory at 0x86374ef000 of 6024 bytes failed: Only part of a ReadProcessMemory or WriteProcessMemory request was completed. (0x12B)
[0225/150603.322:ERROR:process_memory_win.cc(73)] ReadMemory at 0x86374f1000 of 6024 bytes failed: Only part of a ReadProcessMemory or WriteProcessMemory request was completed. (0x12B)
[0225/150603.322:ERROR:process_memory_win.cc(73)] ReadMemory at 0x86374f9000 of 6024 bytes failed: Only part of a ReadProcessMemory or WriteProcessMemory request was completed. (0x12B)
[0225/150603.322:ERROR:process_memory_win.cc(73)] ReadMemory at 0x863750f000 of 6024 bytes failed: Only part of a ReadProcessMemory or WriteProcessMemory request was completed. (0x12B)
[0225/150603.322:ERROR:process_memory_win.cc(73)] ReadMemory at 0x8637511000 of 6024 bytes failed: Only part of a ReadProcessMemory or WriteProcessMemory request was completed. (0x12B)
[0225/150603.323:ERROR:process_memory_win.cc(73)] ReadMemory at 0x863751f000 of 6024 bytes failed: Only part of a ReadProcessMemory or WriteProcessMemory request was completed. (0x12B)
[0225/150603.323:ERROR:process_memory_win.cc(73)] ReadMemory at 0x1999a100750 of 80 bytes failed: Only part of a ReadProcessMemory or WriteProcessMemory request was completed. (0x12B)
[0225/150603.323:ERROR:process_memory_win.cc(73)] ReadMemory at 0x1999a100ad0 of 1016 bytes failed: Only part of a ReadProcessMemory or WriteProcessMemory request was completed. (0x12B)
[0225/150603.323:ERROR:process_memory_win.cc(73)] ReadMemory at 0x1999a100fe0 of 5466 bytes failed: Only part of a ReadProcessMemory or WriteProcessMemory request was completed. (0x12B)
[0225/150603.323:ERROR:process_memory_win.cc(73)] ReadMemory at 0x1999a102550 of 1012 bytes failed: Only part of a ReadProcessMemory or WriteProcessMemory request was completed. (0x12B)
[0225/150603.323:ERROR:process_memory_win.cc(73)] ReadMemory at 0x1999a102b98 of 118 bytes failed: Only part of a ReadProcessMemory or WriteProcessMemory request was completed. (0x12B)
[0225/150603.323:ERROR:process_memory_win.cc(73)] ReadMemory at 0x1999a102c10 of 1164 bytes failed: Only part of a ReadProcessMemory or WriteProcessMemory request was completed. (0x12B)
[0225/150603.323:ERROR:process_memory_win.cc(73)] ReadMemory at 0x1999a10309e of 118 bytes failed: Only part of a ReadProcessMemory or WriteProcessMemory request was completed. (0x12B)
[0225/150603.485:ERROR:process_memory_win.cc(73)] ReadMemory at 0x1999a103116 of 30 bytes failed: Only part of a ReadProcessMemory or WriteProcessMemory request was completed. (0x12B)
[0225/150603.485:ERROR:process_memory_win.cc(73)] ReadMemory at 0x1999a103140 of 58 bytes failed: Only part of a ReadProcessMemory or WriteProcessMemory request was completed. (0x12B)
[0225/150603.485:ERROR:process_memory_win.cc(73)] ReadMemory at 0x1999a103240 of 132 bytes failed: Only part of a ReadProcessMemory or WriteProcessMemory request was completed. (0x12B)
[0225/150603.485:ERROR:process_memory_win.cc(73)] ReadMemory at 0x1999a1033d0 of 132 bytes failed: Only part of a ReadProcessMemory or WriteProcessMemory request was completed. (0x12B)
[0225/150603.485:ERROR:process_memory_win.cc(73)] ReadMemory at 0x1999a103970 of 132 bytes failed: Only part of a ReadProcessMemory or WriteProcessMemory request was completed. (0x12B)
[0225/150603.486:ERROR:process_memory_win.cc(73)] ReadMemory at 0x1999a103b00 of 64 bytes failed: Only part of a ReadProcessMemory or WriteProcessMemory request was completed. (0x12B)
[0225/150603.486:ERROR:process_memory_win.cc(73)] ReadMemory at 0x1999a103b50 of 146 bytes failed: Only part of a ReadProcessMemory or WriteProcessMemory request was completed. (0x12B)
[0225/150603.486:ERROR:process_memory_win.cc(73)] ReadMemory at 0x1999a103cc0 of 132 bytes failed: Only part of a ReadProcessMemory or WriteProcessMemory request was completed. (0x12B)
[0225/150603.486:ERROR:process_memory_win.cc(73)] ReadMemory at 0x1999a103f60 of 132 bytes failed: Only part of a ReadProcessMemory or WriteProcessMemory request was completed. (0x12B)
[0225/150603.486:ERROR:process_memory_win.cc(73)] ReadMemory at 0x1999a1040f0 of 68 bytes failed: Only part of a ReadProcessMemory or WriteProcessMemory request was completed. (0x12B)
[0225/150603.486:ERROR:process_memory_win.cc(73)] ReadMemory at 0x1999a105280 of 132 bytes failed: Only part of a ReadProcessMemory or WriteProcessMemory request was completed. (0x12B)
[0225/150603.486:ERROR:process_memory_win.cc(73)] ReadMemory at 0x1999a105410 of 154 bytes failed: Only part of a ReadProcessMemory or WriteProcessMemory request was completed. (0x12B)
[0225/150603.486:ERROR:process_memory_win.cc(73)] ReadMemory at 0x1999a106200 of 62 bytes failed: Only part of a ReadProcessMemory or WriteProcessMemory request was completed. (0x12B)
[0225/150603.486:ERROR:process_memory_win.cc(73)] ReadMemory at 0x1999a106250 of 132 bytes failed: Only part of a ReadProcessMemory or WriteProcessMemory request was completed. (0x12B)
[0225/150603.486:ERROR:process_memory_win.cc(73)] ReadMemory at 0x1999a1063f0 of 132 bytes failed: Only part of a ReadProcessMemory or WriteProcessMemory request was completed. (0x12B)
[0225/150603.486:ERROR:process_memory_win.cc(73)] ReadMemory at 0x1999a106520 of 60 bytes failed: Only part of a ReadProcessMemory or WriteProcessMemory request was completed. (0x12B)
[0225/150603.487:ERROR:process_memory_win.cc(73)] ReadMemory at 0x1999a106680 of 132 bytes failed: Only part of a ReadProcessMemory or WriteProcessMemory request was completed. (0x12B)
[0225/150603.701:ERROR:process_memory_win.cc(73)] ReadMemory at 0x1999a10728c of 512 bytes failed: Only part of a ReadProcessMemory or WriteProcessMemory request was completed. (0x12B)
[0225/150603.702:ERROR:process_memory_win.cc(73)] ReadMemory at 0x1999a107eb0 of 132 bytes failed: Only part of a ReadProcessMemory or WriteProcessMemory request was completed. (0x12B)
[0225/150603.702:ERROR:process_memory_win.cc(73)] ReadMemory at 0x1999a107fe0 of 132 bytes failed: Only part of a ReadProcessMemory or WriteProcessMemory request was completed. (0x12B)
[0225/150603.804:ERROR:process_memory_win.cc(73)] ReadMemory at 0x1999a1081d0 of 132 bytes failed: Only part of a ReadProcessMemory or WriteProcessMemory request was completed. (0x12B)
[0225/150603.917:ERROR:process_memory_win.cc(73)] ReadMemory at 0x1999a10b0d0 of 62 bytes failed: Only part of a ReadProcessMemory or WriteProcessMemory request was completed. (0x12B)
[0225/150603.917:ERROR:process_memory_win.cc(73)] ReadMemory at 0x1999a10b1c0 of 60 bytes failed: Only part of a ReadProcessMemory or WriteProcessMemory request was completed. (0x12B)
[0225/150603.917:ERROR:process_memory_win.cc(73)] ReadMemory at 0x1999a10b210 of 58 bytes failed: Only part of a ReadProcessMemory or WriteProcessMemory request was completed. (0x12B)
[0225/150603.917:ERROR:process_memory_win.cc(73)] ReadMemory at 0x1999a10b2b0 of 66 bytes failed: Only part of a ReadProcessMemory or WriteProcessMemory request was completed. (0x12B)
[0225/150603.917:ERROR:process_memory_win.cc(73)] ReadMemory at 0x1999a10b300 of 66 bytes failed: Only part of a ReadProcessMemory or WriteProcessMemory request was completed. (0x12B)
[0225/150603.917:ERROR:process_memory_win.cc(73)] ReadMemory at 0x1999a10b3a0 of 64 bytes failed: Only part of a ReadProcessMemory or WriteProcessMemory request was completed. (0x12B)
[0225/150603.917:ERROR:process_memory_win.cc(73)] ReadMemory at 0x1999a10b4e0 of 60 bytes failed: Only part of a ReadProcessMemory or WriteProcessMemory request was completed. (0x12B)
[0225/150603.918:ERROR:process_memory_win.cc(73)] ReadMemory at 0x1999a10b710 of 60 bytes failed: Only part of a ReadProcessMemory or WriteProcessMemory request was completed. (0x12B)
[0225/150603.918:ERROR:process_memory_win.cc(73)] ReadMemory at 0x1999a10b800 of 64 bytes failed: Only part of a ReadProcessMemory or WriteProcessMemory request was completed. (0x12B)
[0225/150603.918:ERROR:process_memory_win.cc(73)] ReadMemory at 0x1999a10b980 of 64 bytes failed: Only part of a ReadProcessMemory or WriteProcessMemory request was completed. (0x12B)
[0225/150603.918:ERROR:process_memory_win.cc(73)] ReadMemory at 0x1999a10b9d0 of 60 bytes failed: Only part of a ReadProcessMemory or WriteProcessMemory request was completed. (0x12B)
[0225/150603.918:ERROR:process_memory_win.cc(73)] ReadMemory at 0x1999a10ba20 of 62 bytes failed: Only part of a ReadProcessMemory or WriteProcessMemory request was completed. (0x12B)
[0225/150603.918:ERROR:process_memory_win.cc(73)] ReadMemory at 0x1999a10ba70 of 60 bytes failed: Only part of a ReadProcessMemory or WriteProcessMemory request was completed. (0x12B)
[0225/150603.918:ERROR:process_memory_win.cc(73)] ReadMemory at 0x1999a10bb10 of 58 bytes failed: Only part of a ReadProcessMemory or WriteProcessMemory request was completed. (0x12B)
[0225/150603.918:ERROR:process_memory_win.cc(73)] ReadMemory at 0x1999a10bb60 of 58 bytes failed: Only part of a ReadProcessMemory or WriteProcessMemory request was completed. (0x12B)
[0225/150603.918:ERROR:process_memory_win.cc(73)] ReadMemory at 0x1999a10bc50 of 60 bytes failed: Only part of a ReadProcessMemory or WriteProcessMemory request was completed. (0x12B)
[0225/150603.918:ERROR:process_memory_win.cc(73)] ReadMemory at 0x1999a10bca0 of 62 bytes failed: Only part of a ReadProcessMemory or WriteProcessMemory request was completed. (0x12B)
[0225/150603.918:ERROR:process_memory_win.cc(73)] ReadMemory at 0x1999a10bcf0 of 64 bytes failed: Only part of a ReadProcessMemory or WriteProcessMemory request was completed. (0x12B)
[0225/150603.918:ERROR:process_memory_win.cc(73)] ReadMemory at 0x1999a10bd40 of 62 bytes failed: Only part of a ReadProcessMemory or WriteProcessMemory request was completed. (0x12B)
[0225/150603.919:ERROR:process_memory_win.cc(73)] ReadMemory at 0x1999a10bde0 of 64 bytes failed: Only part of a ReadProcessMemory or WriteProcessMemory request was completed. (0x12B)
[0225/150603.919:ERROR:process_memory_win.cc(73)] ReadMemory at 0x1999a10be30 of 64 bytes failed: Only part of a ReadProcessMemory or WriteProcessMemory request was completed. (0x12B)
[0225/150603.919:ERROR:process_memory_win.cc(73)] ReadMemory at 0x1999a10be80 of 60 bytes failed: Only part of a ReadProcessMemory or WriteProcessMemory request was completed. (0x12B)
[0225/150603.919:ERROR:process_memory_win.cc(73)] ReadMemory at 0x1999a10bed0 of 62 bytes failed: Only part of a ReadProcessMemory or WriteProcessMemory request was completed. (0x12B)
[0225/150603.919:ERROR:process_memory_win.cc(73)] ReadMemory at 0x1999a10bf20 of 62 bytes failed: Only part of a ReadProcessMemory or WriteProcessMemory request was completed. (0x12B)
[0225/150603.919:ERROR:process_memory_win.cc(73)] ReadMemory at 0x1999a10bf70 of 62 bytes failed: Only part of a ReadProcessMemory or WriteProcessMemory request was completed. (0x12B)
[0225/150603.919:ERROR:process_memory_win.cc(73)] ReadMemory at 0x1999a10bfc0 of 62 bytes failed: Only part of a ReadProcessMemory or WriteProcessMemory request was completed. (0x12B)
[0225/150603.919:ERROR:process_memory_win.cc(73)] ReadMemory at 0x1999a10eca0 of 132 bytes failed: Only part of a ReadProcessMemory or WriteProcessMemory request was completed. (0x12B)
[0225/150603.919:ERROR:process_memory_win.cc(73)] ReadMemory at 0x1999a10edd0 of 152 bytes failed: Only part of a ReadProcessMemory or WriteProcessMemory request was completed. (0x12B)
[0225/150603.919:ERROR:process_memory_win.cc(73)] ReadMemory at 0x1999a10ef40 of 132 bytes failed: Only part of a ReadProcessMemory or WriteProcessMemory request was completed. (0x12B)
[0225/150603.919:ERROR:process_memory_win.cc(73)] ReadMemory at 0x1999a10f950 of 132 bytes failed: Only part of a ReadProcessMemory or WriteProcessMemory request was completed. (0x12B)
[0225/150603.919:ERROR:process_memory_win.cc(73)] ReadMemory at 0x1999a1145c0 of 54 bytes failed: Only part of a ReadProcessMemory or WriteProcessMemory request was completed. (0x12B)
[0225/150603.919:ERROR:process_memory_win.cc(73)] ReadMemory at 0x1999a114a10 of 132 bytes failed: Only part of a ReadProcessMemory or WriteProcessMemory request was completed. (0x12B)
[0225/150603.919:ERROR:process_memory_win.cc(73)] ReadMemory at 0x1999a114b40 of 132 bytes failed: Only part of a ReadProcessMemory or WriteProcessMemory request was completed. (0x12B)
[0225/150603.919:ERROR:process_memory_win.cc(73)] ReadMemory at 0x1999a114c70 of 146 bytes failed: Only part of a ReadProcessMemory or WriteProcessMemory request was completed. (0x12B)
[0225/150603.920:ERROR:process_memory_win.cc(73)] ReadMemory at 0x1999a117650 of 132 bytes failed: Only part of a ReadProcessMemory or WriteProcessMemory request was completed. (0x12B)
[0225/150603.920:ERROR:process_memory_win.cc(73)] ReadMemory at 0x1999a117780 of 132 bytes failed: Only part of a ReadProcessMemory or WriteProcessMemory request was completed. (0x12B)
[0225/150603.920:ERROR:process_memory_win.cc(73)] ReadMemory at 0x1999a1178b0 of 132 bytes failed: Only part of a ReadProcessMemory or WriteProcessMemory request was completed. (0x12B)
[0225/150603.920:ERROR:process_memory_win.cc(73)] ReadMemory at 0x1999a1179e0 of 132 bytes failed: Only part of a ReadProcessMemory or WriteProcessMemory request was completed. (0x12B)
[0225/150603.920:ERROR:process_memory_win.cc(73)] ReadMemory at 0x1999a117b10 of 132 bytes failed: Only part of a ReadProcessMemory or WriteProcessMemory request was completed. (0x12B)
[0225/150603.920:ERROR:process_memory_win.cc(73)] ReadMemory at 0x1999a117c40 of 132 bytes failed: Only part of a ReadProcessMemory or WriteProcessMemory request was completed. (0x12B)
[0225/150603.920:ERROR:process_memory_win.cc(73)] ReadMemory at 0x1999a117d70 of 132 bytes failed: Only part of a ReadProcessMemory or WriteProcessMemory request was completed. (0x12B)
[0225/150603.920:ERROR:process_memory_win.cc(73)] ReadMemory at 0x1999a117ea0 of 132 bytes failed: Only part of a ReadProcessMemory or WriteProcessMemory request was completed. (0x12B)
[0225/150603.920:ERROR:process_memory_win.cc(73)] ReadMemory at 0x1999a117fd0 of 132 bytes failed: Only part of a ReadProcessMemory or WriteProcessMemory request was completed. (0x12B)
[0225/150603.920:ERROR:process_memory_win.cc(73)] ReadMemory at 0x1999a118100 of 132 bytes failed: Only part of a ReadProcessMemory or WriteProcessMemory request was completed. (0x12B)
[0225/150603.921:ERROR:process_memory_win.cc(73)] ReadMemory at 0x1999a118230 of 132 bytes failed: Only part of a ReadProcessMemory or WriteProcessMemory request was completed. (0x12B)
[0225/150603.921:ERROR:process_memory_win.cc(73)] ReadMemory at 0x1999a118360 of 132 bytes failed: Only part of a ReadProcessMemory or WriteProcessMemory request was completed. (0x12B)
[0225/150603.921:ERROR:process_memory_win.cc(73)] ReadMemory at 0x1999a118490 of 132 bytes failed: Only part of a ReadProcessMemory or WriteProcessMemory request was completed. (0x12B)
[0225/150603.921:ERROR:process_memory_win.cc(73)] ReadMemory at 0x1999a119870 of 72 bytes failed: Only part of a ReadProcessMemory or WriteProcessMemory request was completed. (0x12B)
[0225/150603.921:ERROR:process_memory_win.cc(73)] ReadMemory at 0x1999a119d50 of 80 bytes failed: Only part of a ReadProcessMemory or WriteProcessMemory request was completed. (0x12B)
[0225/150603.921:ERROR:process_memory_win.cc(73)] ReadMemory at 0x1999a119f90 of 76 bytes failed: Only part of a ReadProcessMemory or WriteProcessMemory request was completed. (0x12B)
[0225/150603.921:ERROR:process_memory_win.cc(73)] ReadMemory at 0x1999a11a9f0 of 132 bytes failed: Only part of a ReadProcessMemory or WriteProcessMemory request was completed. (0x12B)
[0225/150603.921:ERROR:process_memory_win.cc(73)] ReadMemory at 0x1999a11ab20 of 132 bytes failed: Only part of a ReadProcessMemory or WriteProcessMemory request was completed. (0x12B)
[0225/150603.922:ERROR:process_memory_win.cc(73)] ReadMemory at 0x1999a11ac50 of 132 bytes failed: Only part of a ReadProcessMemory or WriteProcessMemory request was completed. (0x12B)
[0225/150603.922:ERROR:process_memory_win.cc(73)] ReadMemory at 0x1999a11ad80 of 132 bytes failed: Only part of a ReadProcessMemory or WriteProcessMemory request was completed. (0x12B)
[0225/150603.922:ERROR:process_memory_win.cc(73)] ReadMemory at 0x1999a11aeb0 of 132 bytes failed: Only part of a ReadProcessMemory or WriteProcessMemory request was completed. (0x12B)
[0225/150603.922:ERROR:process_memory_win.cc(73)] ReadMemory at 0x1999a11afe0 of 132 bytes failed: Only part of a ReadProcessMemory or WriteProcessMemory request was completed. (0x12B)
[0225/150603.922:ERROR:process_memory_win.cc(73)] ReadMemory at 0x1999a11b110 of 132 bytes failed: Only part of a ReadProcessMemory or WriteProcessMemory request was completed. (0x12B)
[0225/150603.922:ERROR:process_memory_win.cc(73)] ReadMemory at 0x1999a11b240 of 132 bytes failed: Only part of a ReadProcessMemory or WriteProcessMemory request was completed. (0x12B)
[0225/150603.922:ERROR:process_memory_win.cc(73)] ReadMemory at 0x1999a11b370 of 132 bytes failed: Only part of a ReadProcessMemory or WriteProcessMemory request was completed. (0x12B)
[0225/150603.922:ERROR:process_memory_win.cc(73)] ReadMemory at 0x1999a11b4a0 of 132 bytes failed: Only part of a ReadProcessMemory or WriteProcessMemory request was completed. (0x12B)
[0225/150603.922:ERROR:process_memory_win.cc(73)] ReadMemory at 0x1999a11b5d0 of 132 bytes failed: Only part of a ReadProcessMemory or WriteProcessMemory request was completed. (0x12B)
[0225/150603.922:ERROR:process_memory_win.cc(73)] ReadMemory at 0x1999a11b700 of 132 bytes failed: Only part of a ReadProcessMemory or WriteProcessMemory request was completed. (0x12B)
[0225/150604.031:ERROR:process_memory_win.cc(73)] ReadMemory at 0x1999a11b830 of 132 bytes failed: Only part of a ReadProcessMemory or WriteProcessMemory request was completed. (0x12B)
[0225/150604.032:ERROR:process_memory_win.cc(73)] ReadMemory at 0x1999a11b960 of 132 bytes failed: Only part of a ReadProcessMemory or WriteProcessMemory request was completed. (0x12B)
[0225/150604.033:ERROR:process_memory_win.cc(73)] ReadMemory at 0x1999a11ba90 of 132 bytes failed: Only part of a ReadProcessMemory or WriteProcessMemory request was completed. (0x12B)
[0225/150604.033:ERROR:process_memory_win.cc(73)] ReadMemory at 0x1999a11bbc0 of 132 bytes failed: Only part of a ReadProcessMemory or WriteProcessMemory request was completed. (0x12B)
[0225/150604.033:ERROR:process_memory_win.cc(73)] ReadMemory at 0x1999a11bcf0 of 132 bytes failed: Only part of a ReadProcessMemory or WriteProcessMemory request was completed. (0x12B)
[0225/150604.033:ERROR:process_memory_win.cc(73)] ReadMemory at 0x1999a11be20 of 132 bytes failed: Only part of a ReadProcessMemory or WriteProcessMemory request was completed. (0x12B)
[0225/150604.033:ERROR:process_memory_win.cc(73)] ReadMemory at 0x1999a11bf50 of 132 bytes failed: Only part of a ReadProcessMemory or WriteProcessMemory request was completed. (0x12B)
[0225/150604.033:ERROR:process_memory_win.cc(73)] ReadMemory at 0x1999a11c080 of 132 bytes failed: Only part of a ReadProcessMemory or WriteProcessMemory request was completed. (0x12B)
[0225/150604.034:ERROR:process_memory_win.cc(73)] ReadMemory at 0x1999a11c1b0 of 132 bytes failed: Only part of a ReadProcessMemory or WriteProcessMemory request was completed. (0x12B)
[0225/150604.034:ERROR:process_memory_win.cc(73)] ReadMemory at 0x1999a11c2e0 of 132 bytes failed: Only part of a ReadProcessMemory or WriteProcessMemory request was completed. (0x12B)
[0225/150604.034:ERROR:process_memory_win.cc(73)] ReadMemory at 0x1999a11c410 of 132 bytes failed: Only part of a ReadProcessMemory or WriteProcessMemory request was completed. (0x12B)
[0225/150604.034:ERROR:process_memory_win.cc(73)] ReadMemory at 0x1999a11c540 of 132 bytes failed: Only part of a ReadProcessMemory or WriteProcessMemory request was completed. (0x12B)
[0225/150604.034:ERROR:process_memory_win.cc(73)] ReadMemory at 0x1999a11c670 of 132 bytes failed: Only part of a ReadProcessMemory or WriteProcessMemory request was completed. (0x12B)
[0225/150604.034:ERROR:process_memory_win.cc(73)] ReadMemory at 0x1999a11c7a0 of 132 bytes failed: Only part of a ReadProcessMemory or WriteProcessMemory request was completed. (0x12B)
[0225/150604.034:ERROR:process_memory_win.cc(73)] ReadMemory at 0x1999a11f200 of 60 bytes failed: Only part of a ReadProcessMemory or WriteProcessMemory request was completed. (0x12B)
[0225/150604.034:ERROR:process_memory_win.cc(73)] ReadMemory at 0x1999a11f340 of 64 bytes failed: Only part of a ReadProcessMemory or WriteProcessMemory request was completed. (0x12B)
[0225/150604.034:ERROR:process_memory_win.cc(73)] ReadMemory at 0x1999a11f6b0 of 66 bytes failed: Only part of a ReadProcessMemory or WriteProcessMemory request was completed. (0x12B)
[0225/150604.034:ERROR:process_memory_win.cc(73)] ReadMemory at 0x1999a11f700 of 60 bytes failed: Only part of a ReadProcessMemory or WriteProcessMemory request was completed. (0x12B)
[0225/150604.034:ERROR:process_memory_win.cc(73)] ReadMemory at 0x1999a11f8e0 of 56 bytes failed: Only part of a ReadProcessMemory or WriteProcessMemory request was completed. (0x12B)
[0225/150604.034:ERROR:process_memory_win.cc(73)] ReadMemory at 0x1999a11f9d0 of 62 bytes failed: Only part of a ReadProcessMemory or WriteProcessMemory request was completed. (0x12B)
[0225/150604.034:ERROR:process_memory_win.cc(73)] ReadMemory at 0x1999a11fc50 of 64 bytes failed: Only part of a ReadProcessMemory or WriteProcessMemory request was completed. (0x12B)
[0225/150604.035:ERROR:process_memory_win.cc(73)] ReadMemory at 0x1999a11fe80 of 62 bytes failed: Only part of a ReadProcessMemory or WriteProcessMemory request was completed. (0x12B)
[0225/150604.035:ERROR:process_memory_win.cc(73)] ReadMemory at 0x1999a11ff20 of 66 bytes failed: Only part of a ReadProcessMemory or WriteProcessMemory request was completed. (0x12B)
[0225/150604.035:ERROR:process_memory_win.cc(73)] ReadMemory at 0x1999a11ff70 of 58 bytes failed: Only part of a ReadProcessMemory or WriteProcessMemory request was completed. (0x12B)
[0225/150604.035:ERROR:process_memory_win.cc(73)] ReadMemory at 0x1999a12a4e0 of 52 bytes failed: Only part of a ReadProcessMemory or WriteProcessMemory request was completed. (0x12B)
[0225/150604.035:ERROR:process_memory_win.cc(73)] ReadMemory at 0x1999a1313c0 of 58 bytes failed: Only part of a ReadProcessMemory or WriteProcessMemory request was completed. (0x12B)
[0225/150604.035:ERROR:process_memory_win.cc(73)] ReadMemory at 0x1999a131410 of 70 bytes failed: Only part of a ReadProcessMemory or WriteProcessMemory request was completed. (0x12B)
[0225/150604.035:ERROR:process_memory_win.cc(73)] ReadMemory at 0x1999a1315f0 of 62 bytes failed: Only part of a ReadProcessMemory or WriteProcessMemory request was completed. (0x12B)
[0225/150604.035:ERROR:process_memory_win.cc(73)] ReadMemory at 0x1999a1319b0 of 64 bytes failed: Only part of a ReadProcessMemory or WriteProcessMemory request was completed. (0x12B)
[0225/150604.035:ERROR:process_memory_win.cc(73)] ReadMemory at 0x1999a131a50 of 62 bytes failed: Only part of a ReadProcessMemory or WriteProcessMemory request was completed. (0x12B)
[0225/150604.035:ERROR:process_memory_win.cc(73)] ReadMemory at 0x1999a131aa0 of 68 bytes failed: Only part of a ReadProcessMemory or WriteProcessMemory request was completed. (0x12B)
[0225/150604.035:ERROR:process_memory_win.cc(73)] ReadMemory at 0x1999a131af0 of 58 bytes failed: Only part of a ReadProcessMemory or WriteProcessMemory request was completed. (0x12B)
[0225/150604.035:ERROR:process_memory_win.cc(73)] ReadMemory at 0x1999a131c80 of 62 bytes failed: Only part of a ReadProcessMemory or WriteProcessMemory request was completed. (0x12B)
[0225/150604.035:ERROR:process_memory_win.cc(73)] ReadMemory at 0x1999a131d70 of 60 bytes failed: Only part of a ReadProcessMemory or WriteProcessMemory request was completed. (0x12B)
[0225/150604.036:ERROR:process_memory_win.cc(73)] ReadMemory at 0x1999a1329a0 of 126 bytes failed: Only part of a ReadProcessMemory or WriteProcessMemory request was completed. (0x12B)
[0225/150604.128:ERROR:process_memory_win.cc(73)] ReadMemory at 0x1999a13a2f0 of 132 bytes failed: Only part of a ReadProcessMemory or WriteProcessMemory request was completed. (0x12B)
[0225/150604.128:ERROR:process_memory_win.cc(73)] ReadMemory at 0x1999a13a420 of 132 bytes failed: Only part of a ReadProcessMemory or WriteProcessMemory request was completed. (0x12B)
[0225/150604.128:ERROR:process_memory_win.cc(73)] ReadMemory at 0x1999a13a550 of 132 bytes failed: Only part of a ReadProcessMemory or WriteProcessMemory request was completed. (0x12B)
[0225/150604.128:ERROR:process_memory_win.cc(73)] ReadMemory at 0x1999a13a680 of 132 bytes failed: Only part of a ReadProcessMemory or WriteProcessMemory request was completed. (0x12B)
[0225/150604.128:ERROR:process_memory_win.cc(73)] ReadMemory at 0x1999a13a7b0 of 132 bytes failed: Only part of a ReadProcessMemory or WriteProcessMemory request was completed. (0x12B)
[0225/150604.128:ERROR:process_memory_win.cc(73)] ReadMemory at 0x1999a13ab40 of 132 bytes failed: Only part of a ReadProcessMemory or WriteProcessMemory request was completed. (0x12B)
[0225/150604.128:ERROR:process_memory_win.cc(73)] ReadMemory at 0x1999a13ac70 of 132 bytes failed: Only part of a ReadProcessMemory or WriteProcessMemory request was completed. (0x12B)
[0225/150604.128:ERROR:process_memory_win.cc(73)] ReadMemory at 0x1999a13aed0 of 132 bytes failed: Only part of a ReadProcessMemory or WriteProcessMemory request was completed. (0x12B)
[0225/150604.128:ERROR:process_memory_win.cc(73)] ReadMemory at 0x1999a13b260 of 132 bytes failed: Only part of a ReadProcessMemory or WriteProcessMemory request was completed. (0x12B)
[0225/150604.128:ERROR:process_memory_win.cc(73)] ReadMemory at 0x1999a13b390 of 132 bytes failed: Only part of a ReadProcessMemory or WriteProcessMemory request was completed. (0x12B)
[0225/150604.129:ERROR:process_memory_win.cc(73)] ReadMemory at 0x1999a13b4c0 of 132 bytes failed: Only part of a ReadProcessMemory or WriteProcessMemory request was completed. (0x12B)
[0225/150604.129:ERROR:process_memory_win.cc(73)] ReadMemory at 0x1999a13b5f0 of 132 bytes failed: Only part of a ReadProcessMemory or WriteProcessMemory request was completed. (0x12B)
[0225/150604.129:ERROR:process_memory_win.cc(73)] ReadMemory at 0x1999a13b720 of 132 bytes failed: Only part of a ReadProcessMemory or WriteProcessMemory request was completed. (0x12B)
[0225/150604.129:ERROR:process_memory_win.cc(73)] ReadMemory at 0x1999a13b850 of 132 bytes failed: Only part of a ReadProcessMemory or WriteProcessMemory request was completed. (0x12B)
[0225/150604.129:ERROR:process_memory_win.cc(73)] ReadMemory at 0x1999a13b980 of 132 bytes failed: Only part of a ReadProcessMemory or WriteProcessMemory request was completed. (0x12B)
[0225/150604.129:ERROR:process_memory_win.cc(73)] ReadMemory at 0x1999a13bab0 of 132 bytes failed: Only part of a ReadProcessMemory or WriteProcessMemory request was completed. (0x12B)
[0225/150604.129:ERROR:process_memory_win.cc(73)] ReadMemory at 0x1999a13bbe0 of 132 bytes failed: Only part of a ReadProcessMemory or WriteProcessMemory request was completed. (0x12B)
[0225/150604.129:ERROR:process_memory_win.cc(73)] ReadMemory at 0x1999a13bd10 of 132 bytes failed: Only part of a ReadProcessMemory or WriteProcessMemory request was completed. (0x12B)
[0225/150604.129:ERROR:process_memory_win.cc(73)] ReadMemory at 0x1999a13be40 of 132 bytes failed: Only part of a ReadProcessMemory or WriteProcessMemory request was completed. (0x12B)
[0225/150604.129:ERROR:process_memory_win.cc(73)] ReadMemory at 0x1999a13bf70 of 132 bytes failed: Only part of a ReadProcessMemory or WriteProcessMemory request was completed. (0x12B)
[0225/150604.129:ERROR:process_memory_win.cc(73)] ReadMemory at 0x1999a13c540 of 76 bytes failed: Only part of a ReadProcessMemory or WriteProcessMemory request was completed. (0x12B)
[0225/150604.129:ERROR:process_memory_win.cc(73)] ReadMemory at 0x1999a13d360 of 60 bytes failed: Only part of a ReadProcessMemory or WriteProcessMemory request was completed. (0x12B)
[0225/150604.129:ERROR:process_memory_win.cc(73)] ReadMemory at 0x1999a13d630 of 58 bytes failed: Only part of a ReadProcessMemory or WriteProcessMemory request was completed. (0x12B)
[0225/150604.130:ERROR:process_memory_win.cc(73)] ReadMemory at 0x1999a13da40 of 64 bytes failed: Only part of a ReadProcessMemory or WriteProcessMemory request was completed. (0x12B)
[0225/150604.254:ERROR:process_memory_win.cc(73)] ReadMemory at 0x1999a13e170 of 58 bytes failed: Only part of a ReadProcessMemory or WriteProcessMemory request was completed. (0x12B)
[0225/150604.254:ERROR:process_memory_win.cc(73)] ReadMemory at 0x1999a15c3b0 of 194 bytes failed: Only part of a ReadProcessMemory or WriteProcessMemory request was completed. (0x12B)
[0225/150604.254:ERROR:process_memory_win.cc(73)] ReadMemory at 0x1999a165b90 of 60 bytes failed: Only part of a ReadProcessMemory or WriteProcessMemory request was completed. (0x12B)
[0225/150604.254:ERROR:process_memory_win.cc(73)] ReadMemory at 0x1999a165d70 of 60 bytes failed: Only part of a ReadProcessMemory or WriteProcessMemory request was completed. (0x12B)
[0225/150604.255:ERROR:process_memory_win.cc(73)] ReadMemory at 0x1999a189050 of 182 bytes failed: Only part of a ReadProcessMemory or WriteProcessMemory request was completed. (0x12B)
[0225/150604.255:ERROR:process_memory_win.cc(73)] ReadMemory at 0x1999a1ccc20 of 512 bytes failed: Only part of a ReadProcessMemory or WriteProcessMemory request was completed. (0x12B)
[0225/150604.255:ERROR:process_memory_win.cc(73)] ReadMemory at 0x1999a1d1840 of 64 bytes failed: Only part of a ReadProcessMemory or WriteProcessMemory request was completed. (0x12B)
[0225/150604.255:ERROR:process_memory_win.cc(73)] ReadMemory at 0x1999a1d1ca0 of 62 bytes failed: Only part of a ReadProcessMemory or WriteProcessMemory request was completed. (0x12B)
[0225/150604.255:ERROR:process_memory_win.cc(73)] ReadMemory at 0x1999a1e5470 of 66 bytes failed: Only part of a ReadProcessMemory or WriteProcessMemory request was completed. (0x12B)
[0225/150604.255:ERROR:process_memory_win.cc(73)] ReadMemory at 0x1999a1ea8e0 of 194 bytes failed: Only part of a ReadProcessMemory or WriteProcessMemory request was completed. (0x12B)
[0225/150604.255:ERROR:process_memory_win.cc(73)] ReadMemory at 0x1999bd0fce8 of 512 bytes failed: Only part of a ReadProcessMemory or WriteProcessMemory request was completed. (0x12B)
[0225/150604.255:ERROR:process_memory_win.cc(73)] ReadMemory at 0x1999bd17fc8 of 512 bytes failed: Only part of a ReadProcessMemory or WriteProcessMemory request was completed. (0x12B)
[0225/150604.255:ERROR:process_memory_win.cc(73)] ReadMemory at 0x1999bd21e00 of 512 bytes failed: Only part of a ReadProcessMemory or WriteProcessMemory request was completed. (0x12B)
[0225/150604.255:ERROR:process_memory_win.cc(73)] ReadMemory at 0x1999bd41ad0 of 512 bytes failed: Only part of a ReadProcessMemory or WriteProcessMemory request was completed. (0x12B)
[0225/150604.255:ERROR:process_memory_win.cc(73)] ReadMemory at 0x1999bd41f50 of 512 bytes failed: Only part of a ReadProcessMemory or WriteProcessMemory request was completed. (0x12B)
[0225/150604.256:ERROR:process_memory_win.cc(73)] ReadMemory at 0x1999bda7490 of 512 bytes failed: Only part of a ReadProcessMemory or WriteProcessMemory request was completed. (0x12B)
[0225/150604.256:ERROR:process_memory_win.cc(73)] ReadMemory at 0x199a283cff0 of 512 bytes failed: Only part of a ReadProcessMemory or WriteProcessMemory request was completed. (0x12B)
[0225/150604.256:ERROR:process_memory_win.cc(73)] ReadMemory at 0x199a283e4d0 of 512 bytes failed: Only part of a ReadProcessMemory or WriteProcessMemory request was completed. (0x12B)
[0225/150604.256:ERROR:process_memory_win.cc(73)] ReadMemory at 0x199a2855770 of 74 bytes failed: Only part of a ReadProcessMemory or WriteProcessMemory request was completed. (0x12B)
[0225/150604.256:ERROR:process_memory_win.cc(73)] ReadMemory at 0x199a28747e0 of 512 bytes failed: Only part of a ReadProcessMemory or WriteProcessMemory request was completed. (0x12B)
[0225/150604.256:ERROR:process_memory_win.cc(73)] ReadMemory at 0x199a2874b60 of 512 bytes failed: Only part of a ReadProcessMemory or WriteProcessMemory request was completed. (0x12B)
[0225/150604.256:ERROR:process_memory_win.cc(73)] ReadMemory at 0x199a28bd1c0 of 512 bytes failed: Only part of a ReadProcessMemory or WriteProcessMemory request was completed. (0x12B)
[0225/150604.256:ERROR:process_memory_win.cc(73)] ReadMemory at 0x199a28ef450 of 62 bytes failed: Only part of a ReadProcessMemory or WriteProcessMemory request was completed. (0x12B)
[0225/150604.256:ERROR:process_memory_win.cc(73)] ReadMemory at 0x199a28efc70 of 62 bytes failed: Only part of a ReadProcessMemory or WriteProcessMemory request was completed. (0x12B)
[0225/150604.256:ERROR:process_memory_win.cc(73)] ReadMemory at 0x199a28f0210 of 58 bytes failed: Only part of a ReadProcessMemory or WriteProcessMemory request was completed. (0x12B)
[0225/150604.256:ERROR:process_memory_win.cc(73)] ReadMemory at 0x199a4a27e38 of 512 bytes failed: Only part of a ReadProcessMemory or WriteProcessMemory request was completed. (0x12B)
[0225/150604.256:ERROR:process_memory_win.cc(73)] ReadMemory at 0x199a51d5ff0 of 512 bytes failed: Only part of a ReadProcessMemory or WriteProcessMemory request was completed. (0x12B)
[0225/150604.257:ERROR:process_memory_win.cc(73)] ReadMemory at 0x199a522a440 of 132 bytes failed: Only part of a ReadProcessMemory or WriteProcessMemory request was completed. (0x12B)
[0225/150604.257:ERROR:process_memory_win.cc(73)] ReadMemory at 0x199a522a570 of 132 bytes failed: Only part of a ReadProcessMemory or WriteProcessMemory request was completed. (0x12B)
[0225/150604.257:ERROR:process_memory_win.cc(73)] ReadMemory at 0x199a582b4b0 of 800 bytes failed: Only part of a ReadProcessMemory or WriteProcessMemory request was completed. (0x12B)
[0225/150604.257:ERROR:process_memory_win.cc(73)] ReadMemory at 0x199a61395e8 of 512 bytes failed: Only part of a ReadProcessMemory or WriteProcessMemory request was completed. (0x12B)
[0225/150604.257:ERROR:process_memory_win.cc(73)] ReadMemory at 0x199a618a8d8 of 512 bytes failed: Only part of a ReadProcessMemory or WriteProcessMemory request was completed. (0x12B)
[0225/150604.257:ERROR:process_memory_win.cc(73)] ReadMemory at 0x199a62033c0 of 552 bytes failed: Only part of a ReadProcessMemory or WriteProcessMemory request was completed. (0x12B)
[0225/150604.257:ERROR:process_memory_win.cc(73)] ReadMemory at 0x199a62b0558 of 512 bytes failed: Only part of a ReadProcessMemory or WriteProcessMemory request was completed. (0x12B)
[0225/150604.257:ERROR:process_memory_win.cc(73)] ReadMemory at 0x199afa0bd50 of 512 bytes failed: Only part of a ReadProcessMemory or WriteProcessMemory request was completed. (0x12B)
[0225/150604.257:ERROR:process_memory_win.cc(73)] ReadMemory at 0x199aff25de0 of 512 bytes failed: Only part of a ReadProcessMemory or WriteProcessMemory request was completed. (0x12B)
[0225/150604.257:ERROR:process_memory_win.cc(73)] ReadMemory at 0x199affd1170 of 512 bytes failed: Only part of a ReadProcessMemory or WriteProcessMemory request was completed. (0x12B)
[0225/150604.258:ERROR:process_memory_win.cc(73)] ReadMemory at 0x7fff2a72ad1a of 512 bytes failed: Only part of a ReadProcessMemory or WriteProcessMemory request was completed. (0x12B)
[0225/150604.258:ERROR:process_memory_win.cc(73)] ReadMemory at 0x7fff2dfa0ba2 of 512 bytes failed: Only part of a ReadProcessMemory or WriteProcessMemory request was completed. (0x12B)
[0225/150604.258:ERROR:process_memory_win.cc(73)] ReadMemory at 0x7fff2e99a330 of 512 bytes failed: Only part of a ReadProcessMemory or WriteProcessMemory request was completed. (0x12B)
[0225/150604.258:ERROR:process_memory_win.cc(73)] ReadMemory at 0x7fff3bb89560 of 512 bytes failed: Only part of a ReadProcessMemory or WriteProcessMemory request was completed. (0x12B)
[0225/150604.258:ERROR:process_memory_win.cc(73)] ReadMemory at 0x7fff76f8b710 of 512 bytes failed: Only part of a ReadProcessMemory or WriteProcessMemory request was completed. (0x12B)
[0225/150604.258:ERROR:process_memory_win.cc(73)] ReadMemory at 0x7fff76fd5bc4 of 512 bytes failed: Only part of a ReadProcessMemory or WriteProcessMemory request was completed. (0x12B)
[0225/150604.258:ERROR:process_memory_win.cc(73)] ReadMemory at 0x7fff76fd9a04 of 512 bytes failed: Only part of a ReadProcessMemory or WriteProcessMemory request was completed. (0x12B)
[0225/150604.258:ERROR:process_memory_win.cc(73)] ReadMemory at 0x7fff787c2920 of 512 bytes failed: Only part of a ReadProcessMemory or WriteProcessMemory request was completed. (0x12B)
[0225/150604.258:ERROR:process_memory_win.cc(73)] ReadMemory at 0x7fff7979c064 of 672 bytes failed: Only part of a ReadProcessMemory or WriteProcessMemory request was completed. (0x12B)
[0225/150604.258:ERROR:process_memory_win.cc(73)] ReadMemory at 0x7fff7979c664 of 512 bytes failed: Only part of a ReadProcessMemory or WriteProcessMemory request was completed. (0x12B)
[0225/150604.258:ERROR:process_memory_win.cc(73)] ReadMemory at 0x7fff7979f974 of 512 bytes failed: Only part of a ReadProcessMemory or WriteProcessMemory request was completed. (0x12B)
[0225/150604.258:ERROR:process_memory_win.cc(73)] ReadMemory at 0x7fff7982c418 of 18 bytes failed: Only part of a ReadProcessMemory or WriteProcessMemory request was completed. (0x12B)
[0225/150604.259:ERROR:process_memory_win.cc(73)] ReadMemory at 0x7fff7985f4f8 of 40 bytes failed: Only part of a ReadProcessMemory or WriteProcessMemory request was completed. (0x12B)
[0225/150604.259:ERROR:process_memory_win.cc(73)] ReadMemory at 0x7fff7985f978 of 48 bytes failed: Only part of a ReadProcessMemory or WriteProcessMemory request was completed. (0x12B)
[0225/150604.259:ERROR:process_memory_win.cc(73)] ReadMemory at 0x7fff798653c0 of 64 bytes failed: Only part of a ReadProcessMemory or WriteProcessMemory request was completed. (0x12B)
[0225/150604.261:ERROR:scoped_process_suspend.cc(40)] NtResumeProcess: An attempt was made to access an exiting process. (0xc000010a)
